#
# A fatal error has been detected by the Java Runtime Environment:
#
#  EXCEPTION_ACCESS_VIOLATION (0xc0000005) at pc=0x000001850e9866d3, pid=19332, tid=18132
#
# JRE version: OpenJDK Runtime Environment Temurin-21.0.4+7 (21.0.4+7) (build 21.0.4+7-LTS)
# Java VM: OpenJDK 64-Bit Server VM Temurin-21.0.4+7 (21.0.4+7-LTS, mixed mode, tiered, compressed oops, compressed class ptrs, g1 gc, windows-amd64)
# Problematic frame:
# v  ~BufferBlob::MethodHandles adapters 0x000001850e9866d3
#
# No core dump will be written. Minidumps are not enabled by default on client versions of Windows
#
# If you would like to submit a bug report, please visit:
#   https://github.com/adoptium/adoptium-support/issues
#

---------------  S U M M A R Y ------------

Command Line: -XX:+ShowCodeDetailsInExceptionMessages -agentlib:jdwp=transport=dt_socket,suspend=y,address=localhost:52013 -javaagent:C:\spring tool\sts-4.25.0.RELEASE\configuration\org.eclipse.osgi\270\0\.cp\lib\javaagent-shaded.jar -Dfile.encoding=UTF-8 -Dstdout.encoding=UTF-8 -Dstderr.encoding=UTF-8 com.matosbrasil.api.ApiApplication

Host: Intel(R) Core(TM) i5-10400F CPU @ 2.90GHz, 12 cores, 15G,  Windows 11 , 64 bit Build 22621 (10.0.22621.3958)
Time: Wed Oct  9 20:34:41 2024 Hora oficial do Brasil elapsed time: 242.494533 seconds (0d 0h 4m 2s)

---------------  T H R E A D  ---------------

Current thread (0x0000018525bcc240):  JavaThread "restartedMain"        [_thread_in_Java, id=18132, stack(0x0000006e1c400000,0x0000006e1c500000) (1024K)]

Stack: [0x0000006e1c400000,0x0000006e1c500000],  sp=0x0000006e1c4fddc8,  free space=1015k
Native frames: (J=compiled Java code, j=interpreted, Vv=VM code, C=native code)
C  0x000001850e9866d3

The last pc belongs to _linkToSpecial (printed below).

siginfo: EXCEPTION_ACCESS_VIOLATION (0xc0000005), reading address 0xffffffffffffffff


Registers:
RAX=0x000001850e9391b4, RBX=0xe115cde600000000, RCX=0x0000006e1c4fddd0, RDX=0x0000000000000002
RSP=0x0000006e1c4fddc8, RBP=0x0000006e1c4fde18, RSI=0x0000018524e1f488, RDI=0x00000185299e8b70
R8 =0x0000000000000004, R9 =0x0000000000000004, R10=0x0000000800ab0410, R11=0x000001851f3f7578
R12=0x0000000000000000, R13=0x0000006e1c4fddc8, R14=0x0000006e1c4fde38, R15=0x0000018525bcc240
RIP=0x000001850e9866d3, EFLAGS=0x0000000000010246


Register to memory mapping:

RAX=0x000001850e9391b4 is at code_begin+3380 in an Interpreter codelet
return entry points  [0x000001850e938480, 0x000001850e93a590]  8464 bytes
RBX=0xe115cde600000000 is an unknown value
RCX=0x0000006e1c4fddd0 is pointing into the stack for thread: 0x0000018525bcc240
RDX=0x0000000000000002 is an unknown value
RSP=0x0000006e1c4fddc8 is pointing into the stack for thread: 0x0000018525bcc240
RBP=0x0000006e1c4fde18 is pointing into the stack for thread: 0x0000018525bcc240
RSI=0x0000018524e1f488 points into unknown readable memory: 0x88001afb0c1ca74a | 4a a7 1c 0c fb 1a 00 88
RDI=0x00000185299e8b70 points into unknown readable memory: 0x0000001800000070 | 70 00 00 00 18 00 00 00
R8 =0x0000000000000004 is an unknown value
R9 =0x0000000000000004 is an unknown value
R10=0x0000000800ab0410 is a pointer to class: 
com.matosbrasil.api.handler.ValidacaoExceptionHandler {0x0000000800ab0418}
 - instance size:     2
 - klass size:        65
 - access:            public synchronized 
 - flags:             rewritten should_verify_class has_localvariable_table has_resolved_methods 
 - state:             fully_initialized
 - name:              'com/matosbrasil/api/handler/ValidacaoExceptionHandler'
 - super:             'java/lang/Object'
 - sub:               
 - arrays:            null
 - methods:           Array<T>(0x000001852e8b5cf8)
 - method ordering:   Array<T>(0x000001852e8b5ee8)
 - default_methods:   Array<T>(0x0000000000000000)
 - local interfaces:  Array<T>(0x000001851f000058)
 - trans. interfaces: Array<T>(0x000001851f000058)
 - constants:         constant pool [33] {0x000001852e8b5b90} for 'com/matosbrasil/api/handler/ValidacaoExceptionHandler' cache=0x000001852e993f40
 - class loader data:  loader data: 0x0000018527713400 for instance a 'org/springframework/boot/devtools/restart/classloader/RestartClassLoader'{0x0000000704a00000}
 - source file:       'ValidacaoExceptionHandler.java'
 - source debug extension:       SMAP
ValidacaoExceptionHandler.java
Java
*S jdt
*F
1 ValidacaoExceptionHandler.java
2 file:/C:/Users/dasod/Documents/ProgramaĂ§ĂŁo/Hephesto/api/api/target/classes/
*L
*E

 - class annotations:       Array<T>(0x000001852e8b5e98)
 - class type annotations:  Array<T>(0x0000000000000000)
 - field annotations:       Array<T>(0x0000000000000000)
 - field type annotations:  Array<T>(0x0000000000000000)
 - inner classes:     Array<T>(0x000001851f000028)
 - nest members:     Array<T>(0x000001851f000028)
 - permitted subclasses:     Array<T>(0x000001851f000028)
 - java mirror:       a 'java/lang/Class'{0x0000000704a889d8} = 'com/matosbrasil/api/handler/ValidacaoExceptionHandler'
 - vtable length      6  (start addr: 0x0000000800ab05d8)
 - itable length      2 (start addr: 0x0000000800ab0608)
 - ---- static fields (0 words):
 - ---- non-static fields (0 words):
 - non-static oop maps: 
R11={method} {0x000001851f3f7580} 'newInvokeSpecial' '(Ljava/lang/Object;)Ljava/lang/Object;' in 'java/lang/invoke/DirectMethodHandle$Holder'
R12=0x0 is null
R13=0x0000006e1c4fddc8 is pointing into the stack for thread: 0x0000018525bcc240
R14=0x0000006e1c4fde38 is pointing into the stack for thread: 0x0000018525bcc240
R15=0x0000018525bcc240 is a thread

Top of Stack: (sp=0x0000006e1c4fddc8)
0x0000006e1c4fddc8:   000001850e9391b4 0000006e1c4fddd0
0x0000006e1c4fddd8:   000001851f3f7567 0000000000000004
0x0000006e1c4fdde8:   000001851f3fb340 000001851f4e8430
0x0000006e1c4fddf8:   000000070225fdd0 000001851f3f7578
0x0000006e1c4fde08:   0000006e1c4fddc8 0000006e1c4fde40
0x0000006e1c4fde18:   0000000708ae6ec8 000001850f4fd02c
0x0000006e1c4fde28:   0000000708ae6e38 0000000708ae6ee0
0x0000006e1c4fde38:   0000000708ae6e98 0000000708ae6c80
0x0000006e1c4fde48:   0000000708ae6ec8 0000000700000000
0x0000006e1c4fde58:   000000010eefda09 0000000708ae6c80
0x0000006e1c4fde68:   0000000708ae6ec8 0000000708ae6c28
0x0000006e1c4fde78:   0000000702d8ba08 0000000704a889d8
0x0000006e1c4fde88:   0000000708ae6e98 0000000704a889d8
0x0000006e1c4fde98:   e095113b00000001 0000000700000001
0x0000006e1c4fdea8:   0000000700000001 000001850f4fc49c
0x0000006e1c4fdeb8:   0000000708ae6af0 0000000704a13a28
0x0000006e1c4fdec8:   0000018507a87d67 0000000704a13a28
0x0000006e1c4fded8:   0000018507a5ba84 e095113b00000023
0x0000006e1c4fdee8:   0000018513940000 0000000704a889d8
0x0000006e1c4fdef8:   0000000700000000 00000007026a8608
0x0000006e1c4fdf08:   000001850f3bed28 000429b800000000
0x0000006e1c4fdf18:   0000000704b9aae8 0000000704a13a28
0x0000006e1c4fdf28:   0000000708ae6c28 0000000708ae6c70
0x0000006e1c4fdf38:   0000000708ae6c80 0000000000000000
0x0000006e1c4fdf48:   e097677200000200 0000006e1c4fdf70
0x0000006e1c4fdf58:   0000000702a46448 0000000000000000
0x0000006e1c4fdf68:   000001850ef03b86 0000000702d8ba08
0x0000006e1c4fdf78:   000001852e6ea358 0000000704a889d8
0x0000006e1c4fdf88:   0000000702657e98 0000000704a889d8
0x0000006e1c4fdf98:   0000000708ae6c18 0000000704a13a28
0x0000006e1c4fdfa8:   0000000702242c78 0000000702242c88
0x0000006e1c4fdfb8:   0000000708ae6af0 0000000800060368 

Instructions: (pc=0x000001850e9866d3)
0x000001850e9865d3:   00 00 00 74 03 ff 63 38 ff 63 50 e9 1d c0 fd ff
0x000001850e9865e3:   66 66 66 0f 1f 84 00 00 00 00 00 66 66 66 90 66
0x000001850e9865f3:   66 0f 1f 84 00 00 00 00 00 66 66 66 90 48 8b 53
0x000001850e986603:   08 0f b7 52 2e 48 8b 0c d4 58 5b 50 44 8b 51 08
0x000001850e986613:   49 bb 00 00 00 00 08 00 00 00 4d 03 d3 4c 8b 5b
0x000001850e986623:   10 4b 8b 9c da c8 01 00 00 48 85 db 0f 84 10 00
0x000001850e986633:   00 00 41 80 bf e0 05 00 00 00 74 03 ff 63 38 ff
0x000001850e986643:   63 50 e9 b6 bf fd ff 66 66 66 0f 1f 84 00 00 00
0x000001850e986653:   00 00 66 66 66 90 0f 1f 80 00 00 00 00 58 5b 50
0x000001850e986663:   8b 5b 24 48 c1 e3 03 48 8b 5b 10 48 85 db 0f 84
0x000001850e986673:   10 00 00 00 41 80 bf e0 05 00 00 00 74 03 ff 63
0x000001850e986683:   38 ff 63 50 e9 74 bf fd ff 66 66 66 0f 1f 84 00
0x000001850e986693:   00 00 00 00 66 66 66 90 0f 1f 44 00 00 48 8b 53
0x000001850e9866a3:   08 0f b7 52 2e 48 8b 0c d4 58 5b 50 48 3b 01 8b
0x000001850e9866b3:   5b 24 48 c1 e3 03 48 8b 5b 10 48 85 db 0f 84 10
0x000001850e9866c3:   00 00 00 41 80 bf e0 05 00 00 00 74 03 ff 63 38
0x000001850e9866d3:   ff 63 50 e9 25 bf fd ff 0f 1f 44 00 00 48 8b 53
0x000001850e9866e3:   08 0f b7 52 2e 48 8b 0c d4 58 5b 50 44 8b 51 08
0x000001850e9866f3:   49 bb 00 00 00 00 08 00 00 00 4d 03 d3 8b 43 18
0x000001850e986703:   48 c1 e0 03 48 8b 40 10 48 8b 5b 10 45 8b 9a a0
0x000001850e986713:   00 00 00 4f 8d 9c da c8 01 00 00 4d 8d 14 da 49
0x000001850e986723:   8b 1b 48 3b c3 74 15 48 85 db 0f 84 32 00 00 00
0x000001850e986733:   49 83 c3 10 49 8b 1b 48 3b c3 75 eb 45 8b 5b 08
0x000001850e986743:   4b 8b 1c 1a 48 85 db 0f 84 10 00 00 00 41 80 bf
0x000001850e986753:   e0 05 00 00 00 74 03 ff 63 38 ff 63 50 e9 9b be
0x000001850e986763:   fd ff e9 96 bb fd ff f4 00 00 00 00 00 00 00 00
0x000001850e986773:   00 00 00 00 00 00 00 00 00 00 00 00 00 00 00 00
0x000001850e986783:   00 00 00 00 00 00 00 00 00 00 00 00 00 00 00 00
0x000001850e986793:   00 00 00 00 00 00 00 00 00 00 00 00 00 00 00 00
0x000001850e9867a3:   00 00 00 00 00 00 00 00 00 00 00 00 00 00 00 00
0x000001850e9867b3:   00 00 00 00 00 00 00 00 00 00 00 00 00 00 00 00
0x000001850e9867c3:   00 00 00 00 00 00 00 00 00 00 00 00 00 00 00 00 


Stack slot to memory mapping:

stack at sp + 0 slots: 0x000001850e9391b4 is at code_begin+3380 in an Interpreter codelet
return entry points  [0x000001850e938480, 0x000001850e93a590]  8464 bytes
stack at sp + 1 slots: 0x0000006e1c4fddd0 is pointing into the stack for thread: 0x0000018525bcc240
stack at sp + 2 slots: 0x000001851f3f7567 is pointing into metadata
stack at sp + 3 slots: 0x0000000000000004 is an unknown value
stack at sp + 4 slots: 0x000001851f3fb340 is pointing into metadata
stack at sp + 5 slots: 0x000001851f4e8430 is pointing into metadata
stack at sp + 6 slots: 0x000000070225fdd0 is an oop: java.lang.Class 
{0x000000070225fdd0} - klass: 'java/lang/Class'
 - ---- fields (total size 14 words):
 - private volatile transient 'classRedefinedCount' 'I' @12  0 (0x00000000)
 - injected 'klass' 'J' @16  34359948240 (0x00000008000333d0)
 - injected 'array_klass' 'J' @24  0 (0x0000000000000000)
 - injected 'oop_size' 'I' @32  14 (0x0000000e)
 - injected 'static_oop_field_count' 'I' @36  0 (0x00000000)
 - private volatile transient 'cachedConstructor' 'Ljava/lang/reflect/Constructor;' @40  null (0x00000000)
 - private transient 'name' 'Ljava/lang/String;' @44  null (0x00000000)
 - private transient 'module' 'Ljava/lang/Module;' @48  a 'java/lang/Module'{0x000000070222f700} (0xe0445ee0)
 - private final 'classLoader' 'Ljava/lang/ClassLoader;' @52  null (0x00000000)
 - private transient 'classData' 'Ljava/lang/Object;' @56  null (0x00000000)
 - private transient 'packageName' 'Ljava/lang/String;' @60  null (0x00000000)
 - private final 'componentType' 'Ljava/lang/Class;' @64  null (0x00000000)
 - private volatile transient 'reflectionData' 'Ljava/lang/ref/SoftReference;' @68  null (0x00000000)
 - private volatile transient 'genericInfo' 'Lsun/reflect/generics/repository/ClassRepository;' @72  null (0x00000000)
 - private volatile transient 'enumConstants' '[Ljava/lang/Object;' @76  null (0x00000000)
 - private volatile transient 'enumConstantDirectory' 'Ljava/util/Map;' @80  null (0x00000000)
 - private volatile transient 'annotationData' 'Ljava/lang/Class$AnnotationData;' @84  null (0x00000000)
 - private volatile transient 'annotationType' 'Lsun/reflect/annotation/AnnotationType;' @88  null (0x00000000)
 - transient 'classValueMap' 'Ljava/lang/ClassValue$ClassValueMap;' @92  null (0x00000000)
 - injected 'protection_domain' 'Ljava/lang/Object;' @96  null (0x00000000)
 - injected 'signers_name' 'Ljava/lang/Object;' @100  null (0x00000000)
 - injected 'source_file' 'Ljava/lang/Object;' @104  null (0x00000000)
 - signature: Ljava/lang/invoke/DirectMethodHandle$Holder;
 - ---- static fields (0):
stack at sp + 7 slots: {method} {0x000001851f3f7580} 'newInvokeSpecial' '(Ljava/lang/Object;)Ljava/lang/Object;' in 'java/lang/invoke/DirectMethodHandle$Holder'

MethodHandle::interpreter_entry::_linkToSpecial [0x000001850e98668c, 0x000001850e9866db] (79 bytes)
[MachCode]
  0x000001850e98668c: 6666 660f | 1f84 0000 | 0000 0066 | 6666 900f | 1f44 0000 | 488b 5308 | 0fb7 522e | 488b 0cd4 
  0x000001850e9866ac: 585b 5048 | 3b01 8b5b | 2448 c1e3 | 0348 8b5b | 1048 85db | 0f84 1000 | 0000 4180 | bfe0 0500 
  0x000001850e9866cc: 0000 7403 | ff63 38ff | 6350 e925 | 
[/MachCode]

---------------  P R O C E S S  ---------------

Threads class SMR info:
_java_thread_list=0x0000018527ae5430, length=22, elements={
0x000001851e5f9ce0, 0x000001851e5fc8b0, 0x000001851e5ffcf0, 0x000001851e600750,
0x000001851e620aa0, 0x000001851e624280, 0x000001851e62f980, 0x000001851e6317e0,
0x000001851e6269e0, 0x000001851e869a50, 0x000001851e93ee80, 0x000001851e93f710,
0x000001851e624fa0, 0x0000018525bcbbb0, 0x0000018525bcae90, 0x000001852b2e4d20,
0x000001851e623560, 0x0000018525bcc240, 0x0000018525bcd5f0, 0x0000018525bc6cf0,
0x0000018525bc7380, 0x0000018525bc9ae0
}

Java Threads: ( => current thread )
  0x000001851e5f9ce0 JavaThread "Reference Handler"          daemon [_thread_blocked, id=14968, stack(0x0000006e1ce00000,0x0000006e1cf00000) (1024K)]
  0x000001851e5fc8b0 JavaThread "Finalizer"                  daemon [_thread_blocked, id=10044, stack(0x0000006e1cf00000,0x0000006e1d000000) (1024K)]
  0x000001851e5ffcf0 JavaThread "Signal Dispatcher"          daemon [_thread_blocked, id=18396, stack(0x0000006e1d000000,0x0000006e1d100000) (1024K)]
  0x000001851e600750 JavaThread "Attach Listener"            daemon [_thread_blocked, id=9544, stack(0x0000006e1d100000,0x0000006e1d200000) (1024K)]
  0x000001851e620aa0 JavaThread "Service Thread"             daemon [_thread_blocked, id=15884, stack(0x0000006e1d200000,0x0000006e1d300000) (1024K)]
  0x000001851e624280 JavaThread "Monitor Deflation Thread"   daemon [_thread_blocked, id=19084, stack(0x0000006e1d300000,0x0000006e1d400000) (1024K)]
  0x000001851e62f980 JavaThread "C2 CompilerThread0"         daemon [_thread_blocked, id=17576, stack(0x0000006e1d400000,0x0000006e1d500000) (1024K)]
  0x000001851e6317e0 JavaThread "C1 CompilerThread0"         daemon [_thread_blocked, id=4380, stack(0x0000006e1d500000,0x0000006e1d600000) (1024K)]
  0x000001851e6269e0 JavaThread "Common-Cleaner"             daemon [_thread_blocked, id=19104, stack(0x0000006e1d600000,0x0000006e1d700000) (1024K)]
  0x000001851e869a50 JavaThread "JDWP Transport Listener: dt_socket" daemon [_thread_blocked, id=1920, stack(0x0000006e1d700000,0x0000006e1d800000) (1024K)]
  0x000001851e93ee80 JavaThread "JDWP Event Helper Thread"   daemon [_thread_blocked, id=10048, stack(0x0000006e1d800000,0x0000006e1d900000) (1024K)]
  0x000001851e93f710 JavaThread "JDWP Command Reader"        daemon [_thread_in_native, id=16016, stack(0x0000006e1d900000,0x0000006e1da00000) (1024K)]
  0x000001851e624fa0 JavaThread "Notification Thread"        daemon [_thread_blocked, id=18480, stack(0x0000006e1db00000,0x0000006e1dc00000) (1024K)]
  0x0000018525bcbbb0 JavaThread "PostgreSQL-JDBC-Cleaner"    daemon [_thread_blocked, id=3232, stack(0x0000006e1ee00000,0x0000006e1ef00000) (1024K)]
  0x0000018525bcae90 JavaThread "Live Reload Server"         daemon [_thread_in_native, id=9504, stack(0x0000006e1f300000,0x0000006e1f400000) (1024K)]
  0x000001852b2e4d20 JavaThread "DestroyJavaVM"                     [_thread_blocked, id=5880, stack(0x0000006e1c600000,0x0000006e1c700000) (1024K)]
  0x000001851e623560 JavaThread "Thread-23"                         [_thread_blocked, id=1972, stack(0x0000006e1c300000,0x0000006e1c400000) (1024K)]
=>0x0000018525bcc240 JavaThread "restartedMain"                     [_thread_in_Java, id=18132, stack(0x0000006e1c400000,0x0000006e1c500000) (1024K)]
  0x0000018525bcd5f0 JavaThread "Catalina-utility-1"                [_thread_blocked, id=17512, stack(0x0000006e1da00000,0x0000006e1db00000) (1024K)]
  0x0000018525bc6cf0 JavaThread "Catalina-utility-2"                [_thread_blocked, id=15856, stack(0x0000006e1e300000,0x0000006e1e400000) (1024K)]
  0x0000018525bc7380 JavaThread "container-0"                       [_thread_blocked, id=2592, stack(0x0000006e1e400000,0x0000006e1e500000) (1024K)]
  0x0000018525bc9ae0 JavaThread "HikariPool-7 housekeeper"   daemon [_thread_blocked, id=14032, stack(0x0000006e1e700000,0x0000006e1e800000) (1024K)]
Total: 22

Other Threads:
  0x000001851e554c30 VMThread "VM Thread"                           [id=16540, stack(0x0000006e1cd00000,0x0000006e1ce00000) (1024K)] _threads_hazard_ptr=0x0000018527ae5430
  0x000001851e505f20 WatcherThread "VM Periodic Task Thread"        [id=18080, stack(0x0000006e1cc00000,0x0000006e1cd00000) (1024K)]
  0x0000018503970120 WorkerThread "GC Thread#0"                     [id=17588, stack(0x0000006e1c700000,0x0000006e1c800000) (1024K)]
  0x0000018523049290 WorkerThread "GC Thread#1"                     [id=7760, stack(0x0000006e1dc00000,0x0000006e1dd00000) (1024K)]
  0x0000018523049630 WorkerThread "GC Thread#2"                     [id=7832, stack(0x0000006e1dd00000,0x0000006e1de00000) (1024K)]
  0x0000018523048ef0 WorkerThread "GC Thread#3"                     [id=19188, stack(0x0000006e1de00000,0x0000006e1df00000) (1024K)]
  0x00000185230499d0 WorkerThread "GC Thread#4"                     [id=19276, stack(0x0000006e1df00000,0x0000006e1e000000) (1024K)]
  0x00000185230487b0 WorkerThread "GC Thread#5"                     [id=11512, stack(0x0000006e1e000000,0x0000006e1e100000) (1024K)]
  0x0000018523048410 WorkerThread "GC Thread#6"                     [id=6892, stack(0x0000006e1e100000,0x0000006e1e200000) (1024K)]
  0x000001852384b380 WorkerThread "GC Thread#7"                     [id=18624, stack(0x0000006e1e200000,0x0000006e1e300000) (1024K)]
  0x000001852384a160 WorkerThread "GC Thread#8"                     [id=18552, stack(0x0000006e1e500000,0x0000006e1e600000) (1024K)]
  0x00000185238480c0 WorkerThread "GC Thread#9"                     [id=1056, stack(0x0000006e1e600000,0x0000006e1e700000) (1024K)]
  0x0000018503982060 ConcurrentGCThread "G1 Main Marker"            [id=18328, stack(0x0000006e1c800000,0x0000006e1c900000) (1024K)]
  0x0000018503982b60 WorkerThread "G1 Conc#0"                       [id=2916, stack(0x0000006e1c900000,0x0000006e1ca00000) (1024K)]
  0x000001852384b720 WorkerThread "G1 Conc#1"                       [id=4232, stack(0x0000006e1e900000,0x0000006e1ea00000) (1024K)]
  0x000001852384a8a0 WorkerThread "G1 Conc#2"                       [id=18620, stack(0x0000006e1ea00000,0x0000006e1eb00000) (1024K)]
  0x000001851e3d6020 ConcurrentGCThread "G1 Refine#0"               [id=18968, stack(0x0000006e1ca00000,0x0000006e1cb00000) (1024K)]
  0x000001851e3d6840 ConcurrentGCThread "G1 Service"                [id=1368, stack(0x0000006e1cb00000,0x0000006e1cc00000) (1024K)]
Total: 18

Threads with active compile tasks:
Total: 0

VM state: synchronizing (normal execution)

VM Mutex/Monitor currently owned by a thread:  ([mutex/lock_event])
[0x00007ffbada17308] Threads_lock - owner thread: 0x000001851e554c30

Heap address: 0x0000000702000000, size: 4064 MB, Compressed Oops mode: Zero based, Oop shift amount: 3

CDS archive(s) not mapped
Compressed class space mapped at: 0x0000000800000000-0x0000000840000000, reserved size: 1073741824
Narrow klass base: 0x0000000800000000, Narrow klass shift: 0, Narrow klass range: 0x40000000

GC Precious Log:
 CardTable entry size: 512
 Card Set container configuration: InlinePtr #cards 4 size 8 Array Of Cards #cards 16 size 48 Howl #buckets 8 coarsen threshold 3686 Howl Bitmap #cards 512 size 80 coarsen threshold 460 Card regions per heap region 1 cards per card region 4096
 CPUs: 12 total, 12 available
 Memory: 16251M
 Large Page Support: Disabled
 NUMA Support: Disabled
 Compressed Oops: Enabled (Zero based)
 Heap Region Size: 2M
 Heap Min Capacity: 8M
 Heap Initial Capacity: 254M
 Heap Max Capacity: 4064M
 Pre-touch: Disabled
 Parallel Workers: 10
 Concurrent Workers: 3
 Concurrent Refinement Workers: 10
 Periodic GC: Disabled

Heap:
 garbage-first heap   total 96256K, used 38423K [0x0000000702000000, 0x0000000800000000)
  region size 2048K, 7 young (14336K), 3 survivors (6144K)
 Metaspace       used 85469K, committed 86336K, reserved 1179648K
  class space    used 10555K, committed 10944K, reserved 1048576K

Heap Regions: E=young(eden), S=young(survivor), O=old, HS=humongous(starts), HC=humongous(continues), CS=collection set, F=free, TAMS=top-at-mark-start, PB=parsable bottom
|   0|0x0000000702000000, 0x0000000702200000, 0x0000000702200000|100%| O|  |TAMS 0x0000000702000000| PB 0x0000000702000000| Untracked 
|   1|0x0000000702200000, 0x0000000702400000, 0x0000000702400000|100%| O|  |TAMS 0x0000000702200000| PB 0x0000000702200000| Untracked 
|   2|0x0000000702400000, 0x0000000702600000, 0x0000000702600000|100%| O|  |TAMS 0x0000000702400000| PB 0x0000000702400000| Untracked 
|   3|0x0000000702600000, 0x00000007027ffff8, 0x0000000702800000| 99%| O|  |TAMS 0x0000000702600000| PB 0x0000000702600000| Untracked 
|   4|0x0000000702800000, 0x0000000702a00000, 0x0000000702a00000|100%| O|  |TAMS 0x0000000702800000| PB 0x0000000702800000| Untracked 
|   5|0x0000000702a00000, 0x0000000702c00000, 0x0000000702c00000|100%| O|  |TAMS 0x0000000702a00000| PB 0x0000000702a00000| Untracked 
|   6|0x0000000702c00000, 0x0000000702dffff8, 0x0000000702e00000| 99%| O|  |TAMS 0x0000000702c00000| PB 0x0000000702c00000| Untracked 
|   7|0x0000000702e00000, 0x0000000703000000, 0x0000000703000000|100%| O|  |TAMS 0x0000000702e00000| PB 0x0000000702e00000| Untracked 
|   8|0x0000000703000000, 0x00000007031ffff0, 0x0000000703200000| 99%| O|  |TAMS 0x0000000703000000| PB 0x0000000703000000| Untracked 
|   9|0x0000000703200000, 0x00000007033fffb0, 0x0000000703400000| 99%| O|  |TAMS 0x0000000703200000| PB 0x0000000703200000| Untracked 
|  10|0x0000000703400000, 0x00000007035fffc0, 0x0000000703600000| 99%| O|  |TAMS 0x0000000703400000| PB 0x0000000703400000| Untracked 
|  11|0x0000000703600000, 0x00000007036c4508, 0x0000000703800000| 38%| O|  |TAMS 0x0000000703600000| PB 0x0000000703600000| Untracked 
|  12|0x0000000703800000, 0x0000000703985a68, 0x0000000703a00000| 76%| O|  |TAMS 0x0000000703800000| PB 0x0000000703800000| Untracked 
|  13|0x0000000703a00000, 0x0000000703c00000, 0x0000000703c00000|100%| O|  |TAMS 0x0000000703a00000| PB 0x0000000703a00000| Untracked 
|  14|0x0000000703c00000, 0x0000000703ce1940, 0x0000000703e00000| 44%| O|  |TAMS 0x0000000703c00000| PB 0x0000000703c00000| Untracked 
|  15|0x0000000703e00000, 0x0000000703e00000, 0x0000000704000000|  0%| F|  |TAMS 0x0000000703e00000| PB 0x0000000703e00000| Untracked 
|  16|0x0000000704000000, 0x0000000704000000, 0x0000000704200000|  0%| F|  |TAMS 0x0000000704000000| PB 0x0000000704000000| Untracked 
|  17|0x0000000704200000, 0x0000000704247008, 0x0000000704400000| 13%| O|  |TAMS 0x0000000704200000| PB 0x0000000704200000| Untracked 
|  18|0x0000000704400000, 0x0000000704400000, 0x0000000704600000|  0%| F|  |TAMS 0x0000000704400000| PB 0x0000000704400000| Untracked 
|  19|0x0000000704600000, 0x0000000704613720, 0x0000000704800000|  3%| S|CS|TAMS 0x0000000704600000| PB 0x0000000704600000| Complete 
|  20|0x0000000704800000, 0x0000000704a00000, 0x0000000704a00000|100%| S|CS|TAMS 0x0000000704800000| PB 0x0000000704800000| Complete 
|  21|0x0000000704a00000, 0x0000000704c00000, 0x0000000704c00000|100%| S|CS|TAMS 0x0000000704a00000| PB 0x0000000704a00000| Complete 
|  22|0x0000000704c00000, 0x0000000704c00000, 0x0000000704e00000|  0%| F|  |TAMS 0x0000000704c00000| PB 0x0000000704c00000| Untracked 
|  23|0x0000000704e00000, 0x0000000704e00000, 0x0000000705000000|  0%| F|  |TAMS 0x0000000704e00000| PB 0x0000000704e00000| Untracked 
|  24|0x0000000705000000, 0x0000000705000000, 0x0000000705200000|  0%| F|  |TAMS 0x0000000705000000| PB 0x0000000705000000| Untracked 
|  25|0x0000000705200000, 0x0000000705200000, 0x0000000705400000|  0%| F|  |TAMS 0x0000000705200000| PB 0x0000000705200000| Untracked 
|  26|0x0000000705400000, 0x0000000705400000, 0x0000000705600000|  0%| F|  |TAMS 0x0000000705400000| PB 0x0000000705400000| Untracked 
|  27|0x0000000705600000, 0x0000000705600000, 0x0000000705800000|  0%| F|  |TAMS 0x0000000705600000| PB 0x0000000705600000| Untracked 
|  28|0x0000000705800000, 0x0000000705800000, 0x0000000705a00000|  0%| F|  |TAMS 0x0000000705800000| PB 0x0000000705800000| Untracked 
|  29|0x0000000705a00000, 0x0000000705a00000, 0x0000000705c00000|  0%| F|  |TAMS 0x0000000705a00000| PB 0x0000000705a00000| Untracked 
|  30|0x0000000705c00000, 0x0000000705c00000, 0x0000000705e00000|  0%| F|  |TAMS 0x0000000705c00000| PB 0x0000000705c00000| Untracked 
|  31|0x0000000705e00000, 0x0000000705e00000, 0x0000000706000000|  0%| F|  |TAMS 0x0000000705e00000| PB 0x0000000705e00000| Untracked 
|  32|0x0000000706000000, 0x0000000706000000, 0x0000000706200000|  0%| F|  |TAMS 0x0000000706000000| PB 0x0000000706000000| Untracked 
|  33|0x0000000706200000, 0x0000000706200000, 0x0000000706400000|  0%| F|  |TAMS 0x0000000706200000| PB 0x0000000706200000| Untracked 
|  34|0x0000000706400000, 0x0000000706400000, 0x0000000706600000|  0%| F|  |TAMS 0x0000000706400000| PB 0x0000000706400000| Untracked 
|  35|0x0000000706600000, 0x0000000706600000, 0x0000000706800000|  0%| F|  |TAMS 0x0000000706600000| PB 0x0000000706600000| Untracked 
|  36|0x0000000706800000, 0x0000000706800000, 0x0000000706a00000|  0%| F|  |TAMS 0x0000000706800000| PB 0x0000000706800000| Untracked 
|  37|0x0000000706a00000, 0x0000000706a00000, 0x0000000706c00000|  0%| F|  |TAMS 0x0000000706a00000| PB 0x0000000706a00000| Untracked 
|  38|0x0000000706c00000, 0x0000000706c00000, 0x0000000706e00000|  0%| F|  |TAMS 0x0000000706c00000| PB 0x0000000706c00000| Untracked 
|  39|0x0000000706e00000, 0x0000000706e00000, 0x0000000707000000|  0%| F|  |TAMS 0x0000000706e00000| PB 0x0000000706e00000| Untracked 
|  40|0x0000000707000000, 0x0000000707000000, 0x0000000707200000|  0%| F|  |TAMS 0x0000000707000000| PB 0x0000000707000000| Untracked 
|  41|0x0000000707200000, 0x0000000707200000, 0x0000000707400000|  0%| F|  |TAMS 0x0000000707200000| PB 0x0000000707200000| Untracked 
|  42|0x0000000707400000, 0x0000000707400000, 0x0000000707600000|  0%| F|  |TAMS 0x0000000707400000| PB 0x0000000707400000| Untracked 
|  43|0x0000000707600000, 0x0000000707796568, 0x0000000707800000| 79%| E|  |TAMS 0x0000000707600000| PB 0x0000000707600000| Complete 
|  53|0x0000000708a00000, 0x0000000708c00000, 0x0000000708c00000|100%| E|CS|TAMS 0x0000000708a00000| PB 0x0000000708a00000| Complete 
|  54|0x0000000708c00000, 0x0000000708e00000, 0x0000000708e00000|100%| E|CS|TAMS 0x0000000708c00000| PB 0x0000000708c00000| Complete 
|  55|0x0000000708e00000, 0x0000000709000000, 0x0000000709000000|100%| E|CS|TAMS 0x0000000708e00000| PB 0x0000000708e00000| Complete 

Card table byte_map: [0x0000018517150000,0x0000018517940000] _byte_map_base: 0x0000018513940000

Marking Bits: (CMBitMap*) 0x0000018503971030
 Bits: [0x0000018517940000, 0x000001851b8c0000)

Polling page: 0x00000185018e0000

Metaspace:

Usage:
  Non-class:     73.16 MB used.
      Class:     10.31 MB used.
       Both:     83.47 MB used.

Virtual space:
  Non-class space:      128.00 MB reserved,      73.62 MB ( 58%) committed,  2 nodes.
      Class space:        1.00 GB reserved,      10.69 MB (  1%) committed,  1 nodes.
             Both:        1.12 GB reserved,      84.31 MB (  7%) committed. 

Chunk freelists:
   Non-Class:  6.33 MB
       Class:  5.23 MB
        Both:  11.56 MB

MaxMetaspaceSize: unlimited
CompressedClassSpaceSize: 1.00 GB
Initial GC threshold: 21.00 MB
Current GC threshold: 139.62 MB
CDS: off
 - commit_granule_bytes: 65536.
 - commit_granule_words: 8192.
 - virtual_space_node_default_size: 8388608.
 - enlarge_chunks_in_place: 1.
 - use_allocation_guard: 0.


Internal statistics:

num_allocs_failed_limit: 11.
num_arena_births: 1090.
num_arena_deaths: 8.
num_vsnodes_births: 3.
num_vsnodes_deaths: 0.
num_space_committed: 1349.
num_space_uncommitted: 0.
num_chunks_returned_to_freelist: 20.
num_chunks_taken_from_freelist: 4035.
num_chunk_merges: 11.
num_chunk_splits: 2770.
num_chunks_enlarged: 2031.
num_inconsistent_stats: 0.

CodeHeap 'non-profiled nmethods': size=120000Kb used=7013Kb max_used=7013Kb free=112986Kb
 bounds [0x000001850eed0000, 0x000001850f5c0000, 0x0000018516400000]
CodeHeap 'profiled nmethods': size=120000Kb used=15806Kb max_used=16322Kb free=104194Kb
 bounds [0x0000018507400000, 0x0000018508400000, 0x000001850e930000]
CodeHeap 'non-nmethods': size=5760Kb used=1769Kb max_used=1862Kb free=3990Kb
 bounds [0x000001850e930000, 0x000001850eba0000, 0x000001850eed0000]
 total_blobs=8279 nmethods=7544 adapters=636
 compilation: enabled
              stopped_count=0, restarted_count=0
 full_count=0

Compilation events (20 events):
Event: 197.652 Thread 0x000001851e6317e0 nmethod 11372 0x0000018507e85810 code [0x0000018507e859e0, 0x0000018507e85c68]
Event: 197.694 Thread 0x0000018525fca4c0 nmethod 11333 0x000001850f5ac610 code [0x000001850f5acde0, 0x000001850f5b6608]
Event: 206.854 Thread 0x000001851e6317e0 11373       3       java.util.concurrent.ScheduledThreadPoolExecutor$DelayedWorkQueue::take (5 bytes)
Event: 206.855 Thread 0x000001851e6317e0 nmethod 11373 0x0000018507b85e90 code [0x0000018507b86040, 0x0000018507b861a0]
Event: 206.855 Thread 0x000001851e6317e0 11374   !   3       java.util.concurrent.ScheduledThreadPoolExecutor$DelayedWorkQueue::take (203 bytes)
Event: 206.856 Thread 0x000001851e6317e0 nmethod 11374 0x0000018507ed9c90 code [0x0000018507eda080, 0x0000018507edbaa8]
Event: 241.577 Thread 0x000001851e6317e0 11375       3       com.fasterxml.jackson.databind.util.internal.PrivateMaxEntriesMap::readBufferIndex (7 bytes)
Event: 241.577 Thread 0x000001851e6317e0 nmethod 11375 0x00000185077d2f10 code [0x00000185077d30a0, 0x00000185077d3198]
Event: 241.577 Thread 0x000001851e6317e0 11376       1       org.springframework.util.MimeType::getType (5 bytes)
Event: 241.577 Thread 0x000001851e6317e0 nmethod 11376 0x000001850f266810 code [0x000001850f2669a0, 0x000001850f266a70]
Event: 241.578 Thread 0x000001851e6317e0 11377       1       org.apache.tomcat.util.http.MimeHeaderField::getValue (5 bytes)
Event: 241.578 Thread 0x000001851e6317e0 nmethod 11377 0x000001850f266510 code [0x000001850f2666a0, 0x000001850f266770]
Event: 241.579 Thread 0x000001851e6317e0 11378       3       java.util.Objects::requireNonNullElse (15 bytes)
Event: 241.580 Thread 0x000001851e6317e0 nmethod 11378 0x0000018508068990 code [0x0000018508068b60, 0x0000018508068e10]
Event: 241.580 Thread 0x000001851e6317e0 11379       1       org.apache.catalina.connector.Response::getCoyoteResponse (5 bytes)
Event: 241.580 Thread 0x000001851e6317e0 nmethod 11379 0x000001850f266110 code [0x000001850f2662a0, 0x000001850f266370]
Event: 241.580 Thread 0x000001851e6317e0 11380       3       org.apache.tomcat.util.buf.MessageBytes::recycle (35 bytes)
Event: 241.580 Thread 0x000001851e6317e0 nmethod 11380 0x0000018507ad4110 code [0x0000018507ad42c0, 0x0000018507ad4620]
Event: 241.580 Thread 0x000001851e6317e0 11381       3       org.apache.tomcat.util.buf.ByteChunk::recycle (10 bytes)
Event: 241.580 Thread 0x000001851e6317e0 nmethod 11381 0x0000018507c4a510 code [0x0000018507c4a6a0, 0x0000018507c4a848]

GC Heap History (20 events):
Event: 63.340 GC heap before
{Heap before GC invocations=24 (full 1):
 garbage-first heap   total 96256K, used 48042K [0x0000000702000000, 0x0000000800000000)
  region size 2048K, 13 young (26624K), 3 survivors (6144K)
 Metaspace       used 81751K, committed 82560K, reserved 1179648K
  class space    used 10346K, committed 10688K, reserved 1048576K
}
Event: 63.384 GC heap after
{Heap after GC invocations=25 (full 2):
 garbage-first heap   total 96256K, used 26967K [0x0000000702000000, 0x0000000800000000)
  region size 2048K, 0 young (0K), 0 survivors (0K)
 Metaspace       used 81751K, committed 82560K, reserved 1179648K
  class space    used 10346K, committed 10688K, reserved 1048576K
}
Event: 64.365 GC heap before
{Heap before GC invocations=25 (full 2):
 garbage-first heap   total 96256K, used 78167K [0x0000000702000000, 0x0000000800000000)
  region size 2048K, 26 young (53248K), 0 survivors (0K)
 Metaspace       used 82349K, committed 83072K, reserved 1179648K
  class space    used 10368K, committed 10688K, reserved 1048576K
}
Event: 64.368 GC heap after
{Heap after GC invocations=26 (full 2):
 garbage-first heap   total 96256K, used 31885K [0x0000000702000000, 0x0000000800000000)
  region size 2048K, 3 young (6144K), 3 survivors (6144K)
 Metaspace       used 82349K, committed 83072K, reserved 1179648K
  class space    used 10368K, committed 10688K, reserved 1048576K
}
Event: 118.400 GC heap before
{Heap before GC invocations=27 (full 2):
 garbage-first heap   total 96256K, used 54413K [0x0000000702000000, 0x0000000800000000)
  region size 2048K, 15 young (30720K), 3 survivors (6144K)
 Metaspace       used 82653K, committed 83392K, reserved 1179648K
  class space    used 10380K, committed 10688K, reserved 1048576K
}
Event: 118.457 GC heap after
{Heap after GC invocations=28 (full 3):
 garbage-first heap   total 96256K, used 27246K [0x0000000702000000, 0x0000000800000000)
  region size 2048K, 0 young (0K), 0 survivors (0K)
 Metaspace       used 82651K, committed 83392K, reserved 1179648K
  class space    used 10379K, committed 10688K, reserved 1048576K
}
Event: 119.262 GC heap before
{Heap before GC invocations=28 (full 3):
 garbage-first heap   total 96256K, used 78446K [0x0000000702000000, 0x0000000800000000)
  region size 2048K, 26 young (53248K), 0 survivors (0K)
 Metaspace       used 83155K, committed 83904K, reserved 1179648K
  class space    used 10403K, committed 10752K, reserved 1048576K
}
Event: 119.265 GC heap after
{Heap after GC invocations=29 (full 3):
 garbage-first heap   total 96256K, used 31522K [0x0000000702000000, 0x0000000800000000)
  region size 2048K, 3 young (6144K), 3 survivors (6144K)
 Metaspace       used 83155K, committed 83904K, reserved 1179648K
  class space    used 10403K, committed 10752K, reserved 1048576K
}
Event: 153.652 GC heap before
{Heap before GC invocations=29 (full 3):
 garbage-first heap   total 96256K, used 54050K [0x0000000702000000, 0x0000000800000000)
  region size 2048K, 15 young (30720K), 3 survivors (6144K)
 Metaspace       used 83421K, committed 84160K, reserved 1179648K
  class space    used 10411K, committed 10752K, reserved 1048576K
}
Event: 153.701 GC heap after
{Heap after GC invocations=30 (full 4):
 garbage-first heap   total 96256K, used 27508K [0x0000000702000000, 0x0000000800000000)
  region size 2048K, 0 young (0K), 0 survivors (0K)
 Metaspace       used 83418K, committed 84160K, reserved 1179648K
  class space    used 10410K, committed 10752K, reserved 1048576K
}
Event: 154.657 GC heap before
{Heap before GC invocations=30 (full 4):
 garbage-first heap   total 96256K, used 80756K [0x0000000702000000, 0x0000000800000000)
  region size 2048K, 26 young (53248K), 0 survivors (0K)
 Metaspace       used 83815K, committed 84672K, reserved 1179648K
  class space    used 10432K, committed 10816K, reserved 1048576K
}
Event: 154.662 GC heap after
{Heap after GC invocations=31 (full 4):
 garbage-first heap   total 96256K, used 31849K [0x0000000702000000, 0x0000000800000000)
  region size 2048K, 3 young (6144K), 3 survivors (6144K)
 Metaspace       used 83815K, committed 84672K, reserved 1179648K
  class space    used 10432K, committed 10816K, reserved 1048576K
}
Event: 176.772 GC heap before
{Heap before GC invocations=31 (full 4):
 garbage-first heap   total 96256K, used 56425K [0x0000000702000000, 0x0000000800000000)
  region size 2048K, 16 young (32768K), 3 survivors (6144K)
 Metaspace       used 84342K, committed 85184K, reserved 1179648K
  class space    used 10493K, committed 10880K, reserved 1048576K
}
Event: 176.818 GC heap after
{Heap after GC invocations=32 (full 5):
 garbage-first heap   total 96256K, used 28572K [0x0000000702000000, 0x0000000800000000)
  region size 2048K, 0 young (0K), 0 survivors (0K)
 Metaspace       used 84339K, committed 85184K, reserved 1179648K
  class space    used 10493K, committed 10880K, reserved 1048576K
}
Event: 177.464 GC heap before
{Heap before GC invocations=32 (full 5):
 garbage-first heap   total 96256K, used 77724K [0x0000000702000000, 0x0000000800000000)
  region size 2048K, 25 young (51200K), 0 survivors (0K)
 Metaspace       used 84711K, committed 85568K, reserved 1179648K
  class space    used 10514K, committed 10880K, reserved 1048576K
}
Event: 177.467 GC heap after
{Heap after GC invocations=33 (full 5):
 garbage-first heap   total 96256K, used 32749K [0x0000000702000000, 0x0000000800000000)
  region size 2048K, 3 young (6144K), 3 survivors (6144K)
 Metaspace       used 84711K, committed 85568K, reserved 1179648K
  class space    used 10514K, committed 10880K, reserved 1048576K
}
Event: 196.462 GC heap before
{Heap before GC invocations=33 (full 5):
 garbage-first heap   total 96256K, used 55277K [0x0000000702000000, 0x0000000800000000)
  region size 2048K, 15 young (30720K), 3 survivors (6144K)
 Metaspace       used 84964K, committed 85760K, reserved 1179648K
  class space    used 10526K, committed 10880K, reserved 1048576K
}
Event: 196.518 GC heap after
{Heap after GC invocations=34 (full 6):
 garbage-first heap   total 96256K, used 28106K [0x0000000702000000, 0x0000000800000000)
  region size 2048K, 0 young (0K), 0 survivors (0K)
 Metaspace       used 84962K, committed 85760K, reserved 1179648K
  class space    used 10526K, committed 10880K, reserved 1048576K
}
Event: 197.121 GC heap before
{Heap before GC invocations=34 (full 6):
 garbage-first heap   total 96256K, used 77258K [0x0000000702000000, 0x0000000800000000)
  region size 2048K, 25 young (51200K), 0 survivors (0K)
 Metaspace       used 85244K, committed 86080K, reserved 1179648K
  class space    used 10544K, committed 10944K, reserved 1048576K
}
Event: 197.125 GC heap after
{Heap after GC invocations=35 (full 6):
 garbage-first heap   total 96256K, used 32279K [0x0000000702000000, 0x0000000800000000)
  region size 2048K, 3 young (6144K), 3 survivors (6144K)
 Metaspace       used 85244K, committed 86080K, reserved 1179648K
  class space    used 10544K, committed 10944K, reserved 1048576K
}

Dll operation events (12 events):
Event: 0.006 Loaded shared library C:\spring tool\sts-4.25.0.RELEASE\plugins\org.eclipse.justj.openjdk.hotspot.jre.full.win32.x86_64_21.0.4.v20240802-1551\jre\bin\java.dll
Event: 0.010 Loaded shared library C:\spring tool\sts-4.25.0.RELEASE\plugins\org.eclipse.justj.openjdk.hotspot.jre.full.win32.x86_64_21.0.4.v20240802-1551\jre\bin\zip.dll
Event: 0.211 Loaded shared library C:\spring tool\sts-4.25.0.RELEASE\plugins\org.eclipse.justj.openjdk.hotspot.jre.full.win32.x86_64_21.0.4.v20240802-1551\jre\bin\instrument.dll
Event: 0.222 Loaded shared library C:\spring tool\sts-4.25.0.RELEASE\plugins\org.eclipse.justj.openjdk.hotspot.jre.full.win32.x86_64_21.0.4.v20240802-1551\jre\bin\net.dll
Event: 0.223 Loaded shared library C:\spring tool\sts-4.25.0.RELEASE\plugins\org.eclipse.justj.openjdk.hotspot.jre.full.win32.x86_64_21.0.4.v20240802-1551\jre\bin\nio.dll
Event: 0.229 Loaded shared library C:\spring tool\sts-4.25.0.RELEASE\plugins\org.eclipse.justj.openjdk.hotspot.jre.full.win32.x86_64_21.0.4.v20240802-1551\jre\bin\zip.dll
Event: 0.356 Loaded shared library C:\spring tool\sts-4.25.0.RELEASE\plugins\org.eclipse.justj.openjdk.hotspot.jre.full.win32.x86_64_21.0.4.v20240802-1551\jre\bin\jimage.dll
Event: 0.410 Loaded shared library C:\spring tool\sts-4.25.0.RELEASE\plugins\org.eclipse.justj.openjdk.hotspot.jre.full.win32.x86_64_21.0.4.v20240802-1551\jre\bin\verify.dll
Event: 0.747 Loaded shared library C:\spring tool\sts-4.25.0.RELEASE\plugins\org.eclipse.justj.openjdk.hotspot.jre.full.win32.x86_64_21.0.4.v20240802-1551\jre\bin\management.dll
Event: 0.749 Loaded shared library C:\spring tool\sts-4.25.0.RELEASE\plugins\org.eclipse.justj.openjdk.hotspot.jre.full.win32.x86_64_21.0.4.v20240802-1551\jre\bin\management_ext.dll
Event: 2.458 Loaded shared library C:\spring tool\sts-4.25.0.RELEASE\plugins\org.eclipse.justj.openjdk.hotspot.jre.full.win32.x86_64_21.0.4.v20240802-1551\jre\bin\sunmscapi.dll
Event: 4.861 Loaded shared library C:\spring tool\sts-4.25.0.RELEASE\plugins\org.eclipse.justj.openjdk.hotspot.jre.full.win32.x86_64_21.0.4.v20240802-1551\jre\bin\extnet.dll

Deoptimization events (20 events):
Event: 241.576 Thread 0x0000018525bc9450 Uncommon trap: trap_request=0xffffff45 fr.pc=0x000001850efa7378 relative=0x0000000000004078
Event: 241.576 Thread 0x0000018525bc9450 Uncommon trap: reason=unstable_if action=reinterpret pc=0x000001850efa7378 method=java.lang.Thread.getAndClearInterrupt()Z @ 6 c2
Event: 241.576 Thread 0x0000018525bc9450 DEOPT PACKING pc=0x000001850efa7378 sp=0x0000006e1f4fcf00
Event: 241.576 Thread 0x0000018525bc9450 DEOPT UNPACKING pc=0x000001850e9846a2 sp=0x0000006e1f4fccc8 mode 2
Event: 241.576 Thread 0x0000018525bc9450 Uncommon trap: trap_request=0xffffffc6 fr.pc=0x000001850f39df98 relative=0x00000000000007f8
Event: 241.576 Thread 0x0000018525bc9450 Uncommon trap: reason=bimorphic_or_optimized_type_check action=maybe_recompile pc=0x000001850f39df98 method=org.springframework.core.SerializableTypeWrapper$MethodParameterTypeProvider.<init>(Lorg/springframework/core/MethodParameter;)V @ 6 c2
Event: 241.576 Thread 0x0000018525bc9450 DEOPT PACKING pc=0x000001850f39df98 sp=0x0000006e1f4fd930
Event: 241.576 Thread 0x0000018525bc9450 DEOPT UNPACKING pc=0x000001850e9846a2 sp=0x0000006e1f4fd8f8 mode 2
Event: 241.576 Thread 0x0000018525bc9450 Uncommon trap: trap_request=0xffffffde fr.pc=0x000001850f5381a4 relative=0x0000000000000084
Event: 241.576 Thread 0x0000018525bc9450 Uncommon trap: reason=class_check action=maybe_recompile pc=0x000001850f5381a4 method=org.springframework.util.MultiValueMapAdapter.isEmpty()Z @ 4 c2
Event: 241.576 Thread 0x0000018525bc9450 DEOPT PACKING pc=0x000001850f5381a4 sp=0x0000006e1f4fda80
Event: 241.576 Thread 0x0000018525bc9450 DEOPT UNPACKING pc=0x000001850e9846a2 sp=0x0000006e1f4fda20 mode 2
Event: 241.577 Thread 0x0000018525bc9450 Uncommon trap: trap_request=0xfffffff4 fr.pc=0x000001850f5062c8 relative=0x00000000000006a8
Event: 241.577 Thread 0x0000018525bc9450 Uncommon trap: reason=null_check action=make_not_entrant pc=0x000001850f5062c8 method=org.springframework.util.LinkedCaseInsensitiveMap.get(Ljava/lang/Object;)Ljava/lang/Object; @ 24 c2
Event: 241.577 Thread 0x0000018525bc9450 DEOPT PACKING pc=0x000001850f5062c8 sp=0x0000006e1f4fd770
Event: 241.577 Thread 0x0000018525bc9450 DEOPT UNPACKING pc=0x000001850e9846a2 sp=0x0000006e1f4fd6a0 mode 2
Event: 241.579 Thread 0x0000018525bc9450 Uncommon trap: trap_request=0xffffffde fr.pc=0x000001850f199ca8 relative=0x0000000000000a08
Event: 241.579 Thread 0x0000018525bc9450 Uncommon trap: reason=class_check action=maybe_recompile pc=0x000001850f199ca8 method=org.springframework.core.annotation.AnnotatedElementUtils.findMergedAnnotation(Ljava/lang/reflect/AnnotatedElement;Ljava/lang/Class;)Ljava/lang/annotation/Annotation; @ 
Event: 241.579 Thread 0x0000018525bc9450 DEOPT PACKING pc=0x000001850f199ca8 sp=0x0000006e1f4fd9e0
Event: 241.579 Thread 0x0000018525bc9450 DEOPT UNPACKING pc=0x000001850e9846a2 sp=0x0000006e1f4fd9f8 mode 2

Classes loaded (20 events):
Event: 19.942 Loading class java/util/regex/Pattern$BackRef
Event: 19.942 Loading class java/util/regex/Pattern$BackRef done
Event: 52.400 Loading class java/util/concurrent/locks/AbstractQueuedSynchronizer$SharedNode
Event: 52.401 Loading class java/util/concurrent/locks/AbstractQueuedSynchronizer$SharedNode done
Event: 59.775 Loading class java/lang/ref/Finalizer$2
Event: 59.775 Loading class java/lang/ref/Finalizer$2 done
Event: 59.776 Loading class java/lang/ref/Finalizer$1
Event: 59.776 Loading class java/lang/ref/Finalizer$1 done
Event: 60.152 Loading class java/lang/foreign/MemorySegment
Event: 60.153 Loading class java/lang/foreign/MemorySegment done
Event: 60.695 Loading class sun/reflect/annotation/TypeNotPresentExceptionProxy
Event: 60.695 Loading class sun/reflect/annotation/TypeNotPresentExceptionProxy done
Event: 60.696 Loading class java/lang/invoke/WrongMethodTypeException
Event: 60.696 Loading class java/lang/invoke/WrongMethodTypeException done
Event: 155.458 Loading class java/util/ArrayList$SubList$1
Event: 155.458 Loading class java/util/ArrayList$SubList$1 done
Event: 155.484 Loading class java/util/stream/LongStream
Event: 155.484 Loading class java/util/stream/LongStream done
Event: 155.484 Loading class java/util/stream/DoubleStream
Event: 155.484 Loading class java/util/stream/DoubleStream done

Classes unloaded (4 events):
Event: 118.423 Thread 0x000001851e554c30 Unloading class 0x0000000800a81800 'org/apache/catalina/loader/JdbcLeakPrevention'
Event: 153.667 Thread 0x000001851e554c30 Unloading class 0x0000000800a8b800 'org/apache/catalina/loader/JdbcLeakPrevention'
Event: 176.788 Thread 0x000001851e554c30 Unloading class 0x0000000800a9c000 'org/apache/catalina/loader/JdbcLeakPrevention'
Event: 196.484 Thread 0x000001851e554c30 Unloading class 0x0000000800ab0000 'org/apache/catalina/loader/JdbcLeakPrevention'

Classes redefined (1 events):
Event: 151.971 Thread 0x000001851e554c30 redefined class name=com.matosbrasil.api.dto.CompanyRequestDTO, count=1

Internal exceptions (20 events):
Event: 177.118 Thread 0x0000018525bc8dc0 Exception <a 'java/lang/NoClassDefFoundError'{0x0000000706703fb0}: org/springframework/batch/core/repository/JobRepository> (0x0000000706703fb0) 
thrown [s\src\hotspot\share\oops\constantPool.cpp, line 873]
Event: 177.118 Thread 0x0000018525bc8dc0 Exception <a 'java/lang/NoClassDefFoundError'{0x0000000706704608}: org/quartz/Scheduler> (0x0000000706704608) 
thrown [s\src\hotspot\share\oops\constantPool.cpp, line 873]
Event: 177.119 Thread 0x0000018525bc8dc0 Exception <a 'java/lang/NoClassDefFoundError'{0x0000000706704c88}: org/springframework/session/jdbc/JdbcIndexedSessionRepository> (0x0000000706704c88) 
thrown [s\src\hotspot\share\oops\constantPool.cpp, line 873]
Event: 177.181 Thread 0x0000018525bc8dc0 Exception <a 'java/io/FileNotFoundException'{0x0000000706159c78}> (0x0000000706159c78) 
thrown [s\src\hotspot\share\prims\jni.cpp, line 520]
Event: 177.196 Thread 0x0000018525bc8dc0 Exception <a 'java/io/FileNotFoundException'{0x0000000705f04ba8}> (0x0000000705f04ba8) 
thrown [s\src\hotspot\share\prims\jni.cpp, line 520]
Event: 177.215 Thread 0x0000018525bc8dc0 Exception <a 'java/lang/NoSuchMethodError'{0x0000000705bf3930}: 'org.flywaydb.core.api.configuration.FluentConfiguration org.flywaydb.core.api.configuration.FluentConfiguration.executeInTransaction(boolean)'> (0x0000000705bf3930) 
thrown [s\src\hotspot\share\oops\constantPool.cpp, line 875]
Event: 196.461 Thread 0x0000018525bc80a0 Exception <a 'java/lang/InterruptedException'{0x0000000706780420}: sleep interrupted> (0x0000000706780420) 
thrown [s\src\hotspot\share\prims\jvm.cpp, line 3074]
Event: 196.529 Thread 0x0000018525bcc240 Exception <a 'sun/nio/fs/WindowsException'{0x0000000708e71180}> (0x0000000708e71180) 
thrown [s\src\hotspot\share\prims\jni.cpp, line 520]
Event: 196.771 Thread 0x0000018525bcc240 Exception <a 'java/lang/NoClassDefFoundError'{0x000000070669ba28}: liquibase/integration/spring/SpringLiquibase> (0x000000070669ba28) 
thrown [s\src\hotspot\share\oops\constantPool.cpp, line 873]
Event: 196.776 Thread 0x0000018525bcc240 Exception <a 'java/lang/NoClassDefFoundError'{0x00000007066eced0}: org/jooq/DSLContext> (0x00000007066eced0) 
thrown [s\src\hotspot\share\oops\constantPool.cpp, line 873]
Event: 196.778 Thread 0x0000018525bcc240 Exception <a 'java/lang/NoClassDefFoundError'{0x00000007066f51f8}: org/springframework/batch/core/repository/JobRepository> (0x00000007066f51f8) 
thrown [s\src\hotspot\share\oops\constantPool.cpp, line 873]
Event: 196.779 Thread 0x0000018525bcc240 Exception <a 'java/lang/NoClassDefFoundError'{0x00000007066f5850}: org/quartz/Scheduler> (0x00000007066f5850) 
thrown [s\src\hotspot\share\oops\constantPool.cpp, line 873]
Event: 196.780 Thread 0x0000018525bcc240 Exception <a 'java/lang/NoClassDefFoundError'{0x00000007066f5ed0}: org/springframework/session/jdbc/JdbcIndexedSessionRepository> (0x00000007066f5ed0) 
thrown [s\src\hotspot\share\oops\constantPool.cpp, line 873]
Event: 196.822 Thread 0x0000018525bcc240 Exception <a 'java/io/FileNotFoundException'{0x0000000706170740}> (0x0000000706170740) 
thrown [s\src\hotspot\share\prims\jni.cpp, line 520]
Event: 196.836 Thread 0x0000018525bcc240 Exception <a 'java/io/FileNotFoundException'{0x0000000705f1b5a0}> (0x0000000705f1b5a0) 
thrown [s\src\hotspot\share\prims\jni.cpp, line 520]
Event: 196.856 Thread 0x0000018525bcc240 Exception <a 'java/lang/NoSuchMethodError'{0x0000000705809d00}: 'org.flywaydb.core.api.configuration.FluentConfiguration org.flywaydb.core.api.configuration.FluentConfiguration.executeInTransaction(boolean)'> (0x0000000705809d00) 
thrown [s\src\hotspot\share\oops\constantPool.cpp, line 875]
Event: 196.995 Thread 0x0000018525bcc240 Implicit null exception at 0x000001850efecc6c to 0x000001850efed398
Event: 197.025 Thread 0x0000018525bcc240 Implicit null exception at 0x000001850f01bff5 to 0x000001850f01c7b8
Event: 197.050 Thread 0x0000018525bcc240 Implicit null exception at 0x000001850f0a7f75 to 0x000001850f0a8738
Event: 241.577 Thread 0x0000018525bc9450 Implicit null exception at 0x000001850f505fc0 to 0x000001850f5062bc

ZGC Phase Switch (0 events):
No events

VM Operations (20 events):
Event: 241.698 Executing VM operation: get/set locals
Event: 241.698 Executing VM operation: get/set locals done
Event: 241.699 Executing VM operation: get/set locals
Event: 241.699 Executing VM operation: get/set locals done
Event: 241.699 Executing VM operation: get/set locals
Event: 241.699 Executing VM operation: get/set locals done
Event: 241.699 Executing VM operation: get/set locals
Event: 241.699 Executing VM operation: get/set locals done
Event: 241.700 Executing VM operation: get/set locals
Event: 241.700 Executing VM operation: get/set locals done
Event: 241.700 Executing VM operation: get/set locals
Event: 241.700 Executing VM operation: get/set locals done
Event: 241.700 Executing VM operation: get/set locals
Event: 241.700 Executing VM operation: get/set locals done
Event: 241.701 Executing VM operation: get/set locals
Event: 241.701 Executing VM operation: get/set locals done
Event: 241.701 Executing VM operation: get/set locals
Event: 241.701 Executing VM operation: get/set locals done
Event: 241.701 Executing VM operation: get/set locals
Event: 241.701 Executing VM operation: get/set locals done

Memory protections (0 events):
No events

Nmethod flushes (20 events):
Event: 196.497 Thread 0x000001851e554c30 flushing  nmethod 0x0000018507ab4710
Event: 196.497 Thread 0x000001851e554c30 flushing  nmethod 0x0000018507b18510
Event: 196.497 Thread 0x000001851e554c30 flushing  nmethod 0x0000018507b18910
Event: 196.497 Thread 0x000001851e554c30 flushing  nmethod 0x0000018507b3e390
Event: 196.497 Thread 0x000001851e554c30 flushing  nmethod 0x0000018507bbab10
Event: 196.497 Thread 0x000001851e554c30 flushing  nmethod 0x0000018507c11c10
Event: 196.497 Thread 0x000001851e554c30 flushing  nmethod 0x0000018507c13b90
Event: 196.497 Thread 0x000001851e554c30 flushing  nmethod 0x0000018507c16190
Event: 196.497 Thread 0x000001851e554c30 flushing  nmethod 0x0000018507cdf190
Event: 196.497 Thread 0x000001851e554c30 flushing  nmethod 0x0000018507ce5010
Event: 196.497 Thread 0x000001851e554c30 flushing  nmethod 0x0000018507d38e90
Event: 196.497 Thread 0x000001851e554c30 flushing  nmethod 0x0000018507d8d110
Event: 196.497 Thread 0x000001851e554c30 flushing  nmethod 0x0000018507e78290
Event: 196.497 Thread 0x000001851e554c30 flushing  nmethod 0x0000018507e7db90
Event: 196.497 Thread 0x000001851e554c30 flushing  nmethod 0x0000018507e80290
Event: 196.497 Thread 0x000001851e554c30 flushing  nmethod 0x0000018507e80b90
Event: 196.497 Thread 0x000001851e554c30 flushing  nmethod 0x0000018507e85810
Event: 196.497 Thread 0x000001851e554c30 flushing  nmethod 0x0000018507f98290
Event: 196.497 Thread 0x000001851e554c30 flushing  nmethod 0x000001850813f990
Event: 196.497 Thread 0x000001851e554c30 flushing  nmethod 0x00000185083df910

Events (20 events):
Event: 196.455 Thread 0x000001851e623560 Thread added: 0x000001851e625cc0
Event: 196.455 Thread 0x0000018525bc6cf0 Thread exited: 0x0000018525bc6cf0
Event: 196.457 Thread 0x000001851e625cc0 Thread exited: 0x000001851e625cc0
Event: 196.461 Thread 0x0000018525bc80a0 Thread exited: 0x0000018525bc80a0
Event: 196.462 Thread 0x0000018525bcd5f0 Thread exited: 0x0000018525bcd5f0
Event: 196.462 Thread 0x0000018525bcc240 Thread exited: 0x0000018525bcc240
Event: 196.518 Thread 0x000001851e623560 Thread added: 0x0000018525bcc240
Event: 196.518 Thread 0x0000018525bcc240 Thread exited: 0x0000018525bcc240
Event: 196.519 Thread 0x000001851e623560 Thread added: 0x0000018525bcc240
Event: 196.573 Thread 0x0000018525bcc240 Thread added: 0x0000018525bcd5f0
Event: 196.600 Thread 0x0000018525bcd5f0 Thread exited: 0x0000018525bcd5f0
Event: 196.699 Thread 0x000001851e6317e0 Thread added: 0x0000018525fca4c0
Event: 196.836 Thread 0x0000018525bcc240 Thread added: 0x0000018525bcd5f0
Event: 196.837 Thread 0x0000018525bcc240 Thread added: 0x0000018525bc6cf0
Event: 196.837 Thread 0x0000018525bcc240 Thread added: 0x0000018525bc7380
Event: 196.908 Thread 0x0000018525bcc240 Thread added: 0x0000018525bc9ae0
Event: 196.926 Thread 0x0000018525bcc240 Thread added: 0x0000018525bca170
Event: 202.691 Thread 0x0000018525bca170 Thread exited: 0x0000018525bca170
Event: 202.707 Thread 0x0000018525fca4c0 Thread exited: 0x0000018525fca4c0
Event: 241.580 Thread 0x0000018525bc9450 Thread exited: 0x0000018525bc9450


Dynamic libraries:
0x00007ff6445c0000 - 0x00007ff6445ce000 	C:\spring tool\sts-4.25.0.RELEASE\plugins\org.eclipse.justj.openjdk.hotspot.jre.full.win32.x86_64_21.0.4.v20240802-1551\jre\bin\javaw.exe
0x00007ffc5cc50000 - 0x00007ffc5ce67000 	C:\WINDOWS\SYSTEM32\ntdll.dll
0x00007ffc5c5a0000 - 0x00007ffc5c664000 	C:\WINDOWS\System32\KERNEL32.DLL
0x00007ffc5a500000 - 0x00007ffc5a8b7000 	C:\WINDOWS\System32\KERNELBASE.dll
0x00007ffc5a3e0000 - 0x00007ffc5a4f1000 	C:\WINDOWS\System32\ucrtbase.dll
0x00007ffc37770000 - 0x00007ffc37788000 	C:\spring tool\sts-4.25.0.RELEASE\plugins\org.eclipse.justj.openjdk.hotspot.jre.full.win32.x86_64_21.0.4.v20240802-1551\jre\bin\jli.dll
0x00007ffc2f630000 - 0x00007ffc2f64b000 	C:\spring tool\sts-4.25.0.RELEASE\plugins\org.eclipse.justj.openjdk.hotspot.jre.full.win32.x86_64_21.0.4.v20240802-1551\jre\bin\VCRUNTIME140.dll
0x00007ffc5c8b0000 - 0x00007ffc5ca5f000 	C:\WINDOWS\System32\USER32.dll
0x00007ffc5a170000 - 0x00007ffc5a196000 	C:\WINDOWS\System32\win32u.dll
0x00007ffc48300000 - 0x00007ffc48593000 	C:\WINDOWS\WinSxS\amd64_microsoft.windows.common-controls_6595b64144ccf1df_6.0.22621.3672_none_2713b9d173822955\COMCTL32.dll
0x00007ffc5c080000 - 0x00007ffc5c0a9000 	C:\WINDOWS\System32\GDI32.dll
0x00007ffc5a980000 - 0x00007ffc5aa27000 	C:\WINDOWS\System32\msvcrt.dll
0x00007ffc5a220000 - 0x00007ffc5a338000 	C:\WINDOWS\System32\gdi32full.dll
0x00007ffc5a340000 - 0x00007ffc5a3da000 	C:\WINDOWS\System32\msvcp_win.dll
0x00007ffc5c0c0000 - 0x00007ffc5c0f1000 	C:\WINDOWS\System32\IMM32.DLL
0x00007ffc3eb10000 - 0x00007ffc3eb1c000 	C:\spring tool\sts-4.25.0.RELEASE\plugins\org.eclipse.justj.openjdk.hotspot.jre.full.win32.x86_64_21.0.4.v20240802-1551\jre\bin\vcruntime140_1.dll
0x00007ffbe5560000 - 0x00007ffbe55ee000 	C:\spring tool\sts-4.25.0.RELEASE\plugins\org.eclipse.justj.openjdk.hotspot.jre.full.win32.x86_64_21.0.4.v20240802-1551\jre\bin\msvcp140.dll
0x00007ffbacd70000 - 0x00007ffbadaf8000 	C:\spring tool\sts-4.25.0.RELEASE\plugins\org.eclipse.justj.openjdk.hotspot.jre.full.win32.x86_64_21.0.4.v20240802-1551\jre\bin\server\jvm.dll
0x00007ffc5bee0000 - 0x00007ffc5bf92000 	C:\WINDOWS\System32\ADVAPI32.dll
0x00007ffc5b8b0000 - 0x00007ffc5b958000 	C:\WINDOWS\System32\sechost.dll
0x00007ffc5a0d0000 - 0x00007ffc5a0f8000 	C:\WINDOWS\System32\bcrypt.dll
0x00007ffc5ca70000 - 0x00007ffc5cb84000 	C:\WINDOWS\System32\RPCRT4.dll
0x00007ffc5cb90000 - 0x00007ffc5cc01000 	C:\WINDOWS\System32\WS2_32.dll
0x00007ffc58e10000 - 0x00007ffc58e5d000 	C:\WINDOWS\SYSTEM32\POWRPROF.dll
0x00007ffc51e00000 - 0x00007ffc51e34000 	C:\WINDOWS\SYSTEM32\WINMM.dll
0x00007ffc56070000 - 0x00007ffc5607a000 	C:\WINDOWS\SYSTEM32\VERSION.dll
0x00007ffc58df0000 - 0x00007ffc58e03000 	C:\WINDOWS\SYSTEM32\UMPDC.dll
0x00007ffc590a0000 - 0x00007ffc590b8000 	C:\WINDOWS\SYSTEM32\kernel.appcore.dll
0x00007ffc553e0000 - 0x00007ffc553ea000 	C:\spring tool\sts-4.25.0.RELEASE\plugins\org.eclipse.justj.openjdk.hotspot.jre.full.win32.x86_64_21.0.4.v20240802-1551\jre\bin\jimage.dll
0x00007ffc57650000 - 0x00007ffc57882000 	C:\WINDOWS\SYSTEM32\DBGHELP.DLL
0x00007ffc5bb50000 - 0x00007ffc5bede000 	C:\WINDOWS\System32\combase.dll
0x00007ffc5bfa0000 - 0x00007ffc5c077000 	C:\WINDOWS\System32\OLEAUT32.dll
0x00007ffc3ed20000 - 0x00007ffc3ed52000 	C:\WINDOWS\SYSTEM32\dbgcore.DLL
0x00007ffc5a1a0000 - 0x00007ffc5a21b000 	C:\WINDOWS\System32\bcryptPrimitives.dll
0x00007ffc40e20000 - 0x00007ffc40e5c000 	C:\spring tool\sts-4.25.0.RELEASE\plugins\org.eclipse.justj.openjdk.hotspot.jre.full.win32.x86_64_21.0.4.v20240802-1551\jre\bin\jdwp.dll
0x00007ffc42410000 - 0x00007ffc4241f000 	C:\spring tool\sts-4.25.0.RELEASE\plugins\org.eclipse.justj.openjdk.hotspot.jre.full.win32.x86_64_21.0.4.v20240802-1551\jre\bin\instrument.dll
0x00007ffc37f70000 - 0x00007ffc37f8f000 	C:\spring tool\sts-4.25.0.RELEASE\plugins\org.eclipse.justj.openjdk.hotspot.jre.full.win32.x86_64_21.0.4.v20240802-1551\jre\bin\java.dll
0x00007ffc36cb0000 - 0x00007ffc36cc8000 	C:\spring tool\sts-4.25.0.RELEASE\plugins\org.eclipse.justj.openjdk.hotspot.jre.full.win32.x86_64_21.0.4.v20240802-1551\jre\bin\zip.dll
0x00007ffc5aa30000 - 0x00007ffc5b299000 	C:\WINDOWS\System32\SHELL32.dll
0x00007ffc57ed0000 - 0x00007ffc587cf000 	C:\WINDOWS\SYSTEM32\windows.storage.dll
0x00007ffc57d90000 - 0x00007ffc57ecf000 	C:\WINDOWS\SYSTEM32\wintypes.dll
0x00007ffc5b500000 - 0x00007ffc5b5f9000 	C:\WINDOWS\System32\SHCORE.dll
0x00007ffc5c850000 - 0x00007ffc5c8ae000 	C:\WINDOWS\System32\shlwapi.dll
0x00007ffc59e90000 - 0x00007ffc59eb7000 	C:\WINDOWS\SYSTEM32\profapi.dll
0x00007ffc55150000 - 0x00007ffc5515b000 	C:\spring tool\sts-4.25.0.RELEASE\plugins\org.eclipse.justj.openjdk.hotspot.jre.full.win32.x86_64_21.0.4.v20240802-1551\jre\bin\dt_socket.dll
0x00007ffc58ab0000 - 0x00007ffc58add000 	C:\WINDOWS\SYSTEM32\IPHLPAPI.DLL
0x00007ffc59510000 - 0x00007ffc59579000 	C:\WINDOWS\system32\mswsock.dll
0x00007ffc58b20000 - 0x00007ffc58c22000 	C:\WINDOWS\SYSTEM32\DNSAPI.dll
0x00007ffc5c0b0000 - 0x00007ffc5c0b9000 	C:\WINDOWS\System32\NSI.dll
0x00007ffc55a20000 - 0x00007ffc55a2a000 	C:\Windows\System32\rasadhlp.dll
0x00007ffc55b90000 - 0x00007ffc55c13000 	C:\WINDOWS\System32\fwpuclnt.dll
0x00007ffc41c40000 - 0x00007ffc41c50000 	C:\spring tool\sts-4.25.0.RELEASE\plugins\org.eclipse.justj.openjdk.hotspot.jre.full.win32.x86_64_21.0.4.v20240802-1551\jre\bin\net.dll
0x00007ffc55e50000 - 0x00007ffc55f86000 	C:\WINDOWS\SYSTEM32\WINHTTP.dll
0x00007ffc35ff0000 - 0x00007ffc36006000 	C:\spring tool\sts-4.25.0.RELEASE\plugins\org.eclipse.justj.openjdk.hotspot.jre.full.win32.x86_64_21.0.4.v20240802-1551\jre\bin\nio.dll
0x00007ffc40010000 - 0x00007ffc40020000 	C:\spring tool\sts-4.25.0.RELEASE\plugins\org.eclipse.justj.openjdk.hotspot.jre.full.win32.x86_64_21.0.4.v20240802-1551\jre\bin\verify.dll
0x00007ffc3e980000 - 0x00007ffc3e98a000 	C:\spring tool\sts-4.25.0.RELEASE\plugins\org.eclipse.justj.openjdk.hotspot.jre.full.win32.x86_64_21.0.4.v20240802-1551\jre\bin\management.dll
0x00007ffc3cce0000 - 0x00007ffc3cceb000 	C:\spring tool\sts-4.25.0.RELEASE\plugins\org.eclipse.justj.openjdk.hotspot.jre.full.win32.x86_64_21.0.4.v20240802-1551\jre\bin\management_ext.dll
0x00007ffc5ca60000 - 0x00007ffc5ca68000 	C:\WINDOWS\System32\PSAPI.DLL
0x00007ffc3f3a0000 - 0x00007ffc3f3ae000 	C:\spring tool\sts-4.25.0.RELEASE\plugins\org.eclipse.justj.openjdk.hotspot.jre.full.win32.x86_64_21.0.4.v20240802-1551\jre\bin\sunmscapi.dll
0x00007ffc59f60000 - 0x00007ffc5a0c6000 	C:\WINDOWS\System32\CRYPT32.dll
0x00007ffc59900000 - 0x00007ffc5992d000 	C:\WINDOWS\SYSTEM32\ncrypt.dll
0x00007ffc598c0000 - 0x00007ffc598f7000 	C:\WINDOWS\SYSTEM32\NTASN1.dll
0x00007ffc59760000 - 0x00007ffc5977b000 	C:\WINDOWS\SYSTEM32\CRYPTSP.dll
0x00007ffc59000000 - 0x00007ffc59035000 	C:\WINDOWS\system32\rsaenh.dll
0x00007ffc59600000 - 0x00007ffc59628000 	C:\WINDOWS\SYSTEM32\USERENV.dll
0x00007ffc59780000 - 0x00007ffc5978c000 	C:\WINDOWS\SYSTEM32\CRYPTBASE.dll
0x00007ffc399b0000 - 0x00007ffc399b9000 	C:\spring tool\sts-4.25.0.RELEASE\plugins\org.eclipse.justj.openjdk.hotspot.jre.full.win32.x86_64_21.0.4.v20240802-1551\jre\bin\extnet.dll
0x00007ffc25940000 - 0x00007ffc25948000 	C:\WINDOWS\system32\wshunix.dll

dbghelp: loaded successfully - version: 4.0.5 - missing functions: none
symbol engine: initialized successfully - sym options: 0x614 - pdb path: .;C:\spring tool\sts-4.25.0.RELEASE\plugins\org.eclipse.justj.openjdk.hotspot.jre.full.win32.x86_64_21.0.4.v20240802-1551\jre\bin;C:\WINDOWS\SYSTEM32;C:\WINDOWS\WinSxS\amd64_microsoft.windows.common-controls_6595b64144ccf1df_6.0.22621.3672_none_2713b9d173822955;C:\spring tool\sts-4.25.0.RELEASE\plugins\org.eclipse.justj.openjdk.hotspot.jre.full.win32.x86_64_21.0.4.v20240802-1551\jre\bin\server

VM Arguments:
jvm_args: -XX:+ShowCodeDetailsInExceptionMessages -agentlib:jdwp=transport=dt_socket,suspend=y,address=localhost:52013 -javaagent:C:\spring tool\sts-4.25.0.RELEASE\configuration\org.eclipse.osgi\270\0\.cp\lib\javaagent-shaded.jar -Dfile.encoding=UTF-8 -Dstdout.encoding=UTF-8 -Dstderr.encoding=UTF-8 
java_command: com.matosbrasil.api.ApiApplication
java_class_path (initial): C:\Users\dasod\Documents\Programaçăo\Hephesto\api\api\target\classes;C:\Users\dasod\.m2\repository\org\springframework\boot\spring-boot-starter-data-jpa\3.3.4\spring-boot-starter-data-jpa-3.3.4.jar;C:\Users\dasod\.m2\repository\org\springframework\boot\spring-boot-starter-aop\3.3.4\spring-boot-starter-aop-3.3.4.jar;C:\Users\dasod\.m2\repository\org\springframework\spring-aop\6.1.13\spring-aop-6.1.13.jar;C:\Users\dasod\.m2\repository\org\aspectj\aspectjweaver\1.9.22.1\aspectjweaver-1.9.22.1.jar;C:\Users\dasod\.m2\repository\org\springframework\boot\spring-boot-starter-jdbc\3.3.4\spring-boot-starter-jdbc-3.3.4.jar;C:\Users\dasod\.m2\repository\com\zaxxer\HikariCP\5.1.0\HikariCP-5.1.0.jar;C:\Users\dasod\.m2\repository\org\springframework\spring-jdbc\6.1.13\spring-jdbc-6.1.13.jar;C:\Users\dasod\.m2\repository\org\hibernate\orm\hibernate-core\6.5.3.Final\hibernate-core-6.5.3.Final.jar;C:\Users\dasod\.m2\repository\jakarta\persistence\jakarta.persistence-api\3.1.0\jakarta.persistence-api-3.1.0.jar;C:\Users\dasod\.m2\repository\jakarta\transaction\jakarta.transaction-api\2.0.1\jakarta.transaction-api-2.0.1.jar;C:\Users\dasod\.m2\repository\org\jboss\logging\jboss-logging\3.5.3.Final\jboss-logging-3.5.3.Final.jar;C:\Users\dasod\.m2\repository\org\hibernate\common\hibernate-commons-annotations\6.0.6.Final\hibernate-commons-annotations-6.0.6.Final.jar;C:\Users\dasod\.m2\repository\io\smallrye\jandex\3.1.2\jandex-3.1.2.jar;C:\Users\dasod\.m2\repository\com\fasterxml\classmate\1.7.0\classmate-1.7.0.jar;C:\Users\dasod\.m2\repository\net\bytebuddy\byte-buddy\1.14.19\byte-buddy-1.14.19.jar;C:\Users\dasod\.m2\repository\org\glassfish\jaxb\jaxb-runtime\4.0.5\jaxb-runtime-4.0.5.jar;C:\Users\dasod\.m2\repository\org\glassfish\jaxb\jaxb-core\4.0.5\jaxb-core-4.0.5.jar;C:\Users\dasod\.m2\repository\org\eclipse\angus\angus-activation\2.0.2\angus-activation-2.0.2.jar;C:\Users\dasod\.m2\repository\org\glassfish\jaxb\txw2\4.0.5\txw2-4.0.5.jar;C:\Users\dasod\.m2\repository\com\sun\istack\istack-commons-runtime\4.1.2\istack-commons-runtime-4.1.2.jar;C:\Users\dasod\.m2\repository\jakarta\inject\jakarta.inject-api\2.0.1\jakarta.inject-api-2.0.1.jar;C:\Users\dasod\.m2\repository\org\antlr\antlr4-runtime\4.13.0\antlr4-runtime-4.13.0.jar;C:\Users\dasod\.m2\repository\org\springframework\data\spring-data-jpa\3.3.4\spring-data-jpa-3.3.4.jar;C:\Users\dasod\.m2\repository\org\springframework\data\spring-data-commons\3.3.4\spring-data-commons-3.3.4.jar;C:\Users\dasod\.m2\repository\org\springframework\spring-orm\6.1.13\spring-orm-6.1.13.jar;C:\Users\dasod\.m2\repository\org\springframework\spring-context\6.1.13\spring-context-6.1.13.jar;C:\Users\dasod\.m2\repository\org\springframework\spring-tx\6.1.13\spring-tx-6.1.13.jar;C:\Users\dasod\.m2\repository\org\springframework\spring-beans\6.1.13\spring-beans-6.1.13.jar;C:\Users\dasod\.m2\repository\jakarta\annotation\jakarta.annotation-api\2.1.1\jakarta.annotation-api-2.1.1.jar;C:\Users\dasod\.m2\repository\org\slf4j\slf4j-api\2.0.16\slf4j-api-2.0.16.jar;C:\Users\dasod\.m2\repository\org\springframework\spring-aspects\6.1.13\spring-aspects-6.1.13.jar;C:\Users\dasod\.m2\repository\org\springframework\boot\spring-boot-starter-web\3.3.4\spring-boot-starter-web-3.3.4.jar;C:\Users\dasod\.m2\repository\org\springframework\boot\spring-boot-starter\3.3.4\spring-boot-starter-3.3.4.jar;C:\Users\dasod\.m2\repository\org\springframework\boot\spring-boot-starter-logging\3.3.4\spring-boot-starter-logging-3.3.4.jar;C:\Users\dasod\.m2\repository\ch\qos\logback\logback-classic\1.5.8\logback-classic-1.5.8.jar;C:\Users\dasod\.m2\repository\ch\qos\logback\logback-core\1.5.8\logback-core-1.5.8.jar;C:\Users\dasod\.m2\repository\org\apache\logging\log4j\log4j-to-slf4j\2.23.1\log4j-to-slf4j-2.23.1.jar;C:\Users\dasod\.m2\repository\org\apache\logging\log4j\log4j-api\2.23.1\log4j-api-2.23.1.jar;C:\Users\dasod\.m2\repository\org\slf4j\jul-to-slf4j\2.0.16\jul-to-slf4j-2.0.16.jar;C:\Users\dasod\.m2\repository\org\yaml\snakeyaml\2.2\snakeyaml-2.2.jar;C:\Users\dasod\.m2\repository\org\springframework\boot\spring-boot-starter-json\3.3.4\spring-boot-starter-json-3.3.4.jar;C:\Users\dasod\.m2\repository\com\fasterxml\jackson\core\jackson-databind\2.17.2\jackson-databind-2.17.2.jar;C:\Users\dasod\.m2\repository\com\fasterxml\jackson\core\jackson-annotations\2.17.2\jackson-annotations-2.17.2.jar;C:\Users\dasod\.m2\repository\com\fasterxml\jackson\datatype\jackson-datatype-jdk8\2.17.2\jackson-datatype-jdk8-2.17.2.jar;C:\Users\dasod\.m2\repository\com\fasterxml\jackson\datatype\jackson-datatype-jsr310\2.17.2\jackson-datatype-jsr310-2.17.2.jar;C:\Users\dasod\.m2\repository\com\fasterxml\jackson\module\jackson-module-parameter-names\2.17.2\jackson-module-parameter-names-2.17.2.jar;C:\Users\dasod\.m2\repository\org\springframework\boot\spring-boot-starter-tomcat\3.3.4\spring-boot-starter-tomcat-3.3.4.jar;C:\Users\dasod\.m2\repository\org\apache\tomcat\embed\tomcat-embed-core\10.1.30\tomcat-embed-core-10.1.30.jar;C:\Users\dasod\.m2\repository\org\apache\tomcat\embed\tomcat-embed-websocket\10.1.30\tomcat-embed-websocket-10.1.30.jar;C:\Users\dasod\.m2\repository\org\springframework\spring-web\6.1.13\spring-web-6.1.13.jar;C:\Users\dasod\.m2\repository\io\micrometer\micrometer-observation\1.13.4\micrometer-observation-1.13.4.jar;C:\Users\dasod\.m2\repository\io\micrometer\micrometer-commons\1.13.4\micrometer-commons-1.13.4.jar;C:\Users\dasod\.m2\repository\org\springframework\spring-webmvc\6.1.13\spring-webmvc-6.1.13.jar;C:\Users\dasod\.m2\repository\org\springframework\spring-expression\6.1.13\spring-expression-6.1.13.jar;C:\Users\dasod\.m2\repository\org\springframework\boot\spring-boot-devtools\3.3.4\spring-boot-devtools-3.3.4.jar;C:\Users\dasod\.m2\repository\org\springframework\boot\spring-boot\3.3.4\spring-boot-3.3.4.jar;C:\Users\dasod\.m2\repository\org\springframework\boot\spring-boot-autoconfigure\3.3.4\spring-boot-autoconfigure-3.3.4.jar;C:\Users\dasod\.m2\repository\org\postgresql\postgresql\42.7.4\postgresql-42.7.4.jar;C:\Users\dasod\.m2\repository\org\checkerframework\checker-qual\3.42.0\checker-qual-3.42.0.jar;C:\Users\dasod\.m2\repository\org\projectlombok\lombok\1.18.34\lombok-1.18.34.jar;C:\Users\dasod\.m2\repository\jakarta\xml\bind\jakarta.xml.bind-api\4.0.2\jakarta.xml.bind-api-4.0.2.jar;C:\Users\dasod\.m2\repository\jakarta\activation\jakarta.activation-api\2.1.3\jakarta.activation-api-2.1.3.jar;C:\Users\dasod\.m2\repository\org\springframework\spring-core\6.1.13\spring-core-6.1.13.jar;C:\Users\dasod\.m2\repository\org\springframework\spring-jcl\6.1.13\spring-jcl-6.1.13.jar;C:\Users\dasod\.m2\repository\org\flywaydb\flyway-core\9.8.1\flyway-core-9.8.1.jar;C:\Users\dasod\.m2\repository\com\fasterxml\jackson\dataformat\jackson-dataformat-toml\2.17.2\jackson-dataformat-toml-2.17.2.jar;C:\Users\dasod\.m2\repository\com\fasterxml\jackson\core\jackson-core\2.17.2\jackson-core-2.17.2.jar;C:\Users\dasod\.m2\repository\org\springframework\boot\spring-boot-starter-validation\3.3.4\spring-boot-starter-validation-3.3.4.jar;C:\Users\dasod\.m2\repository\org\apache\tomcat\embed\tomcat-embed-el\10.1.30\tomcat-embed-el-10.1.30.jar;C:\Users\dasod\.m2\repository\org\hibernate\validator\hibernate-validator\8.0.1.Final\hibernate-validator-8.0.1.Final.jar;C:\Users\dasod\.m2\repository\jakarta\validation\jakarta.validation-api\3.0.2\jakarta.validation-api-3.0.2.jar
Launcher Type: SUN_STANDARD

[Global flags]
     intx CICompilerCount                          = 4                                         {product} {ergonomic}
     uint ConcGCThreads                            = 3                                         {product} {ergonomic}
     uint G1ConcRefinementThreads                  = 10                                        {product} {ergonomic}
   size_t G1HeapRegionSize                         = 2097152                                   {product} {ergonomic}
    uintx GCDrainStackTargetSize                   = 64                                        {product} {ergonomic}
   size_t InitialHeapSize                          = 266338304                                 {product} {ergonomic}
   size_t MarkStackSize                            = 4194304                                   {product} {ergonomic}
   size_t MaxHeapSize                              = 4261412864                                {product} {ergonomic}
   size_t MaxNewSize                               = 2556428288                                {product} {ergonomic}
   size_t MinHeapDeltaBytes                        = 2097152                                   {product} {ergonomic}
   size_t MinHeapSize                              = 8388608                                   {product} {ergonomic}
    uintx NonNMethodCodeHeapSize                   = 5839372                                {pd product} {ergonomic}
    uintx NonProfiledCodeHeapSize                  = 122909434                              {pd product} {ergonomic}
    uintx ProfiledCodeHeapSize                     = 122909434                              {pd product} {ergonomic}
    uintx ReservedCodeCacheSize                    = 251658240                              {pd product} {ergonomic}
     bool SegmentedCodeCache                       = true                                      {product} {ergonomic}
     bool ShowCodeDetailsInExceptionMessages       = true                                   {manageable} {command line}
   size_t SoftMaxHeapSize                          = 4261412864                             {manageable} {ergonomic}
     bool UseCompressedOops                        = true                           {product lp64_product} {ergonomic}
     bool UseG1GC                                  = true                                      {product} {ergonomic}
     bool UseLargePagesIndividualAllocation        = false                                  {pd product} {ergonomic}

Logging:
Log output configuration:
 #0: stdout all=warning uptime,level,tags foldmultilines=false
 #1: stderr all=off uptime,level,tags foldmultilines=false

Environment Variables:
PATH=C:\spring tool\sts-4.25.0.RELEASE\plugins\org.eclipse.justj.openjdk.hotspot.jre.full.win32.x86_64_21.0.4.v20240802-1551\jre\bin;C:/spring tool/sts-4.25.0.RELEASE//plugins/org.eclipse.justj.openjdk.hotspot.jre.full.win32.x86_64_21.0.4.v20240802-1551/jre/bin/server;C:/spring tool/sts-4.25.0.RELEASE//plugins/org.eclipse.justj.openjdk.hotspot.jre.full.win32.x86_64_21.0.4.v20240802-1551/jre/bin;C:\Program Files (x86)\Common Files\Intel\Shared Libraries\redist\intel64\compiler;C:\Program Files\Common Files\Oracle\Java\javapath;C:\Program Files (x86)\Common Files\Oracle\Java\javapath;C:\Windows\system32;C:\Windows;C:\Windows\System32\Wbem;C:\Windows\System32\WindowsPowerShell\v1.0\;C:\Windows\System32\OpenSSH\;C:\Program Files (x86)\NVIDIA Corporation\PhysX\Common;C:\Program Files\NVIDIA Corporation\NVIDIA NvDLISR;C:\Program Files\PuTTY\;C:\Program Files\Git\cmd;C:\WINDOWS\system32;C:\WINDOWS;C:\WINDOWS\System32\Wbem;C:\WINDOWS\System32\WindowsPowerShell\v1.0\;C:\WINDOWS\System32\OpenSSH\;C:\Users\dasod\AppData\Local\Microsoft\WindowsApps;;C:\Users\dasod\AppData\Local\Programs\Microsoft VS Code\bin;C:\spring tool\sts-4.25.0.RELEASE;
USERNAME=Joăo Gilberto
OS=Windows_NT
PROCESSOR_IDENTIFIER=Intel64 Family 6 Model 165 Stepping 3, GenuineIntel
TMP=C:\Users\dasod\AppData\Local\Temp
TEMP=C:\Users\dasod\AppData\Local\Temp




Periodic native trim disabled

---------------  S Y S T E M  ---------------

OS:
 Windows 11 , 64 bit Build 22621 (10.0.22621.3958)
OS uptime: 0 days 2:18 hours

CPU: total 12 (initial active 12) (6 cores per cpu, 2 threads per core) family 6 model 165 stepping 3 microcode 0xec, cx8, cmov, fxsr, ht, mmx, 3dnowpref, sse, sse2, sse3, ssse3, sse4.1, sse4.2, popcnt, lzcnt, tsc, tscinvbit, avx, avx2, aes, erms, clmul, bmi1, bmi2, adx, fma, vzeroupper, clflush, clflushopt, rdtscp, f16c
Processor Information for all 12 processors :
  Max Mhz: 2904, Current Mhz: 2904, Mhz Limit: 2904

Memory: 4k page, system-wide physical 16251M (7225M free)
TotalPageFile size 24251M (AvailPageFile size 11739M)
current process WorkingSet (physical memory assigned to process): 301M, peak: 355M
current process commit charge ("private bytes"): 331M, peak: 424M

vm_info: OpenJDK 64-Bit Server VM (21.0.4+7-LTS) for windows-amd64 JRE (21.0.4+7-LTS), built on 2024-07-16T00:00:00Z by "admin" with MS VC++ 17.7 (VS2022)

END.
