#
# A fatal error has been detected by the Java Runtime Environment:
#
#  EXCEPTION_ACCESS_VIOLATION (0xc0000005) at pc=0x000001d531a266d3, pid=17604, tid=13092
#
# JRE version: OpenJDK Runtime Environment Temurin-21.0.4+7 (21.0.4+7) (build 21.0.4+7-LTS)
# Java VM: OpenJDK 64-Bit Server VM Temurin-21.0.4+7 (21.0.4+7-LTS, mixed mode, tiered, compressed oops, compressed class ptrs, g1 gc, windows-amd64)
# Problematic frame:
# v  ~BufferBlob::MethodHandles adapters 0x000001d531a266d3
#
# No core dump will be written. Minidumps are not enabled by default on client versions of Windows
#
# If you would like to submit a bug report, please visit:
#   https://github.com/adoptium/adoptium-support/issues
#

---------------  S U M M A R Y ------------

Command Line: -XX:+ShowCodeDetailsInExceptionMessages -agentlib:jdwp=transport=dt_socket,suspend=y,address=localhost:52517 -javaagent:C:\spring tool\sts-4.25.0.RELEASE\configuration\org.eclipse.osgi\270\0\.cp\lib\javaagent-shaded.jar -Dfile.encoding=UTF-8 -Dstdout.encoding=UTF-8 -Dstderr.encoding=UTF-8 com.matosbrasil.api.ApiApplication

Host: Intel(R) Core(TM) i5-10400F CPU @ 2.90GHz, 12 cores, 15G,  Windows 11 , 64 bit Build 22621 (10.0.22621.3958)
Time: Wed Oct  9 20:50:52 2024 Hora oficial do Brasil elapsed time: 348.646123 seconds (0d 0h 5m 48s)

---------------  T H R E A D  ---------------

Current thread (0x000001d54ebd9660):  JavaThread "restartedMain"        [_thread_in_Java, id=13092, stack(0x0000000ea7c00000,0x0000000ea7d00000) (1024K)]

Stack: [0x0000000ea7c00000,0x0000000ea7d00000],  sp=0x0000000ea7cfdfb8,  free space=1015k
Native frames: (J=compiled Java code, j=interpreted, Vv=VM code, C=native code)
C  0x000001d531a266d3

The last pc belongs to _linkToSpecial (printed below).

siginfo: EXCEPTION_ACCESS_VIOLATION (0xc0000005), reading address 0xffffffffffffffff


Registers:
RAX=0x000001d5319d91b4, RBX=0xe0ce6de500000000, RCX=0x0000000ea7cfdfc0, RDX=0x0000000000000002
RSP=0x0000000ea7cfdfb8, RBP=0x0000000ea7cfe008, RSI=0x000001d5467386c8, RDI=0x000001d54d5e8050
R8 =0x0000000000000004, R9 =0x0000000000000004, R10=0x0000000800a6cc10, R11=0x000001d5423f7578
R12=0x0000000000000000, R13=0x0000000ea7cfdfb8, R14=0x0000000ea7cfe028, R15=0x000001d54ebd9660
RIP=0x000001d531a266d3, EFLAGS=0x0000000000010246


Register to memory mapping:

RAX=0x000001d5319d91b4 is at code_begin+3380 in an Interpreter codelet
return entry points  [0x000001d5319d8480, 0x000001d5319da590]  8464 bytes
RBX=0xe0ce6de500000000 is an unknown value
RCX=0x0000000ea7cfdfc0 is pointing into the stack for thread: 0x000001d54ebd9660
RDX=0x0000000000000002 is an unknown value
RSP=0x0000000ea7cfdfb8 is pointing into the stack for thread: 0x000001d54ebd9660
RBP=0x0000000ea7cfe008 is pointing into the stack for thread: 0x000001d54ebd9660
RSI=0x000001d5467386c8 points into unknown readable memory: 0x88001800c6ceaf1c | 1c af ce c6 00 18 00 88
RDI=0x000001d54d5e8050 points into unknown readable memory: 0x0000001800000070 | 70 00 00 00 18 00 00 00
R8 =0x0000000000000004 is an unknown value
R9 =0x0000000000000004 is an unknown value
R10=0x0000000800a6cc10 is a pointer to class: 
com.matosbrasil.api.handler.ValidacaoExceptionHandler {0x0000000800a6cc18}
 - instance size:     2
 - klass size:        65
 - access:            public synchronized 
 - flags:             rewritten should_verify_class has_localvariable_table has_resolved_methods 
 - state:             fully_initialized
 - name:              'com/matosbrasil/api/handler/ValidacaoExceptionHandler'
 - super:             'java/lang/Object'
 - sub:               
 - arrays:            null
 - methods:           Array<T>(0x000001d5505d1cf8)
 - method ordering:   Array<T>(0x000001d5505d1ee8)
 - default_methods:   Array<T>(0x0000000000000000)
 - local interfaces:  Array<T>(0x000001d542000058)
 - trans. interfaces: Array<T>(0x000001d542000058)
 - constants:         constant pool [33] {0x000001d5505d1b90} for 'com/matosbrasil/api/handler/ValidacaoExceptionHandler' cache=0x000001d55062b468
 - class loader data:  loader data: 0x000001d54d694320 for instance a 'org/springframework/boot/devtools/restart/classloader/RestartClassLoader'{0x0000000704000080}
 - source file:       'ValidacaoExceptionHandler.java'
 - source debug extension:       SMAP
ValidacaoExceptionHandler.java
Java
*S jdt
*F
1 ValidacaoExceptionHandler.java
2 file:/C:/Users/dasod/Documents/ProgramaĂ§ĂŁo/Hephesto/api/api/target/classes/
*L
*E

 - class annotations:       Array<T>(0x000001d5505d1e98)
 - class type annotations:  Array<T>(0x0000000000000000)
 - field annotations:       Array<T>(0x0000000000000000)
 - field type annotations:  Array<T>(0x0000000000000000)
 - inner classes:     Array<T>(0x000001d542000028)
 - nest members:     Array<T>(0x000001d542000028)
 - permitted subclasses:     Array<T>(0x000001d542000028)
 - java mirror:       a 'java/lang/Class'{0x00000007040156f8} = 'com/matosbrasil/api/handler/ValidacaoExceptionHandler'
 - vtable length      6  (start addr: 0x0000000800a6cdd8)
 - itable length      2 (start addr: 0x0000000800a6ce08)
 - ---- static fields (0 words):
 - ---- non-static fields (0 words):
 - non-static oop maps: 
R11={method} {0x000001d5423f7580} 'newInvokeSpecial' '(Ljava/lang/Object;)Ljava/lang/Object;' in 'java/lang/invoke/DirectMethodHandle$Holder'
R12=0x0 is null
R13=0x0000000ea7cfdfb8 is pointing into the stack for thread: 0x000001d54ebd9660
R14=0x0000000ea7cfe028 is pointing into the stack for thread: 0x000001d54ebd9660
R15=0x000001d54ebd9660 is a thread

Top of Stack: (sp=0x0000000ea7cfdfb8)
0x0000000ea7cfdfb8:   000001d5319d91b4 0000000ea7cfdfc0
0x0000000ea7cfdfc8:   000001d5423f7567 0000000000000004
0x0000000ea7cfdfd8:   000001d5423fb340 000001d5424e8430
0x0000000ea7cfdfe8:   0000000702237b10 000001d5423f7578
0x0000000ea7cfdff8:   0000000ea7cfdfb8 0000000ea7cfe030
0x0000000ea7cfe008:   0000000ea7cfe3d0 000001d52a931b8a
0x0000000ea7cfe018:   0000000706736e30 0000000706736ed8
0x0000000ea7cfe028:   0000000706736e90 0000000702219ef8
0x0000000ea7cfe038:   0000000706736e60 0000000000000000
0x0000000ea7cfe048:   00007ffbad307541 000001d54193d310
0x0000000ea7cfe058:   0000000ea7cfb7c0 000001d54d5a8501
0x0000000ea7cfe068:   000001d54cda3bb0 0000000ea7cfe3d0
0x0000000ea7cfe078:   000001d52ae1f374 0000000000000001
0x0000000ea7cfe088:   000001d52ac90f12 0000000706736c88
0x0000000ea7cfe098:   0000000000000000 000001d5466a3aa0
0x0000000ea7cfe0a8:   00007ffc3cd245f2 00007ffc3cd32bb0
0x0000000ea7cfe0b8:   000001d54193d310 000001d54d37b860
0x0000000ea7cfe0c8:   0000000ea7cfb8e0 000001d54cda3bb0
0x0000000ea7cfe0d8:   0000000706736ec0 0000000706736c78
0x0000000ea7cfe0e8:   0000000700000000 0000000706736ae8
0x0000000ea7cfe0f8:   0000000000000052 0000000706736c20
0x0000000ea7cfe108:   00007ffc3cd12b4a 00000007040156f8
0x0000000ea7cfe118:   0000000000000001 0000000ea7cfe3d0
0x0000000ea7cfe128:   000001d52abfff0c 0000000706736c20
0x0000000ea7cfe138:   0000000706736e90 0000000000000001
0x0000000ea7cfe148:   000001d532380458 0000000706736c20
0x0000000ea7cfe158:   0000000702e0df68 00000007040156f8
0x0000000ea7cfe168:   00000007040156f8 000001d500000001
0x0000000ea7cfe178:   0000000000000000 0000000706736c20
0x0000000ea7cfe188:   0000000000000000 0000000706736ae8
0x0000000ea7cfe198:   0000000706736ec0 000000070000003e
0x0000000ea7cfe1a8:   0000000000000000 0000000706736b00 

Instructions: (pc=0x000001d531a266d3)
0x000001d531a265d3:   00 00 00 74 03 ff 63 38 ff 63 50 e9 1d c0 fd ff
0x000001d531a265e3:   66 66 66 0f 1f 84 00 00 00 00 00 66 66 66 90 66
0x000001d531a265f3:   66 0f 1f 84 00 00 00 00 00 66 66 66 90 48 8b 53
0x000001d531a26603:   08 0f b7 52 2e 48 8b 0c d4 58 5b 50 44 8b 51 08
0x000001d531a26613:   49 bb 00 00 00 00 08 00 00 00 4d 03 d3 4c 8b 5b
0x000001d531a26623:   10 4b 8b 9c da c8 01 00 00 48 85 db 0f 84 10 00
0x000001d531a26633:   00 00 41 80 bf e0 05 00 00 00 74 03 ff 63 38 ff
0x000001d531a26643:   63 50 e9 b6 bf fd ff 66 66 66 0f 1f 84 00 00 00
0x000001d531a26653:   00 00 66 66 66 90 0f 1f 80 00 00 00 00 58 5b 50
0x000001d531a26663:   8b 5b 24 48 c1 e3 03 48 8b 5b 10 48 85 db 0f 84
0x000001d531a26673:   10 00 00 00 41 80 bf e0 05 00 00 00 74 03 ff 63
0x000001d531a26683:   38 ff 63 50 e9 74 bf fd ff 66 66 66 0f 1f 84 00
0x000001d531a26693:   00 00 00 00 66 66 66 90 0f 1f 44 00 00 48 8b 53
0x000001d531a266a3:   08 0f b7 52 2e 48 8b 0c d4 58 5b 50 48 3b 01 8b
0x000001d531a266b3:   5b 24 48 c1 e3 03 48 8b 5b 10 48 85 db 0f 84 10
0x000001d531a266c3:   00 00 00 41 80 bf e0 05 00 00 00 74 03 ff 63 38
0x000001d531a266d3:   ff 63 50 e9 25 bf fd ff 0f 1f 44 00 00 48 8b 53
0x000001d531a266e3:   08 0f b7 52 2e 48 8b 0c d4 58 5b 50 44 8b 51 08
0x000001d531a266f3:   49 bb 00 00 00 00 08 00 00 00 4d 03 d3 8b 43 18
0x000001d531a26703:   48 c1 e0 03 48 8b 40 10 48 8b 5b 10 45 8b 9a a0
0x000001d531a26713:   00 00 00 4f 8d 9c da c8 01 00 00 4d 8d 14 da 49
0x000001d531a26723:   8b 1b 48 3b c3 74 15 48 85 db 0f 84 32 00 00 00
0x000001d531a26733:   49 83 c3 10 49 8b 1b 48 3b c3 75 eb 45 8b 5b 08
0x000001d531a26743:   4b 8b 1c 1a 48 85 db 0f 84 10 00 00 00 41 80 bf
0x000001d531a26753:   e0 05 00 00 00 74 03 ff 63 38 ff 63 50 e9 9b be
0x000001d531a26763:   fd ff e9 96 bb fd ff f4 00 00 00 00 00 00 00 00
0x000001d531a26773:   00 00 00 00 00 00 00 00 00 00 00 00 00 00 00 00
0x000001d531a26783:   00 00 00 00 00 00 00 00 00 00 00 00 00 00 00 00
0x000001d531a26793:   00 00 00 00 00 00 00 00 00 00 00 00 00 00 00 00
0x000001d531a267a3:   00 00 00 00 00 00 00 00 00 00 00 00 00 00 00 00
0x000001d531a267b3:   00 00 00 00 00 00 00 00 00 00 00 00 00 00 00 00
0x000001d531a267c3:   00 00 00 00 00 00 00 00 00 00 00 00 00 00 00 00 


Stack slot to memory mapping:

stack at sp + 0 slots: 0x000001d5319d91b4 is at code_begin+3380 in an Interpreter codelet
return entry points  [0x000001d5319d8480, 0x000001d5319da590]  8464 bytes
stack at sp + 1 slots: 0x0000000ea7cfdfc0 is pointing into the stack for thread: 0x000001d54ebd9660
stack at sp + 2 slots: 0x000001d5423f7567 is pointing into metadata
stack at sp + 3 slots: 0x0000000000000004 is an unknown value
stack at sp + 4 slots: 0x000001d5423fb340 is pointing into metadata
stack at sp + 5 slots: 0x000001d5424e8430 is pointing into metadata
stack at sp + 6 slots: 0x0000000702237b10 is an oop: java.lang.Class 
{0x0000000702237b10} - klass: 'java/lang/Class'
 - ---- fields (total size 14 words):
 - private volatile transient 'classRedefinedCount' 'I' @12  0 (0x00000000)
 - injected 'klass' 'J' @16  34359948240 (0x00000008000333d0)
 - injected 'array_klass' 'J' @24  0 (0x0000000000000000)
 - injected 'oop_size' 'I' @32  14 (0x0000000e)
 - injected 'static_oop_field_count' 'I' @36  0 (0x00000000)
 - private volatile transient 'cachedConstructor' 'Ljava/lang/reflect/Constructor;' @40  null (0x00000000)
 - private transient 'name' 'Ljava/lang/String;' @44  null (0x00000000)
 - private transient 'module' 'Ljava/lang/Module;' @48  a 'java/lang/Module'{0x000000070222d338} (0xe0445a67)
 - private final 'classLoader' 'Ljava/lang/ClassLoader;' @52  null (0x00000000)
 - private transient 'classData' 'Ljava/lang/Object;' @56  null (0x00000000)
 - private transient 'packageName' 'Ljava/lang/String;' @60  null (0x00000000)
 - private final 'componentType' 'Ljava/lang/Class;' @64  null (0x00000000)
 - private volatile transient 'reflectionData' 'Ljava/lang/ref/SoftReference;' @68  null (0x00000000)
 - private volatile transient 'genericInfo' 'Lsun/reflect/generics/repository/ClassRepository;' @72  null (0x00000000)
 - private volatile transient 'enumConstants' '[Ljava/lang/Object;' @76  null (0x00000000)
 - private volatile transient 'enumConstantDirectory' 'Ljava/util/Map;' @80  null (0x00000000)
 - private volatile transient 'annotationData' 'Ljava/lang/Class$AnnotationData;' @84  null (0x00000000)
 - private volatile transient 'annotationType' 'Lsun/reflect/annotation/AnnotationType;' @88  null (0x00000000)
 - transient 'classValueMap' 'Ljava/lang/ClassValue$ClassValueMap;' @92  null (0x00000000)
 - injected 'protection_domain' 'Ljava/lang/Object;' @96  null (0x00000000)
 - injected 'signers_name' 'Ljava/lang/Object;' @100  null (0x00000000)
 - injected 'source_file' 'Ljava/lang/Object;' @104  null (0x00000000)
 - signature: Ljava/lang/invoke/DirectMethodHandle$Holder;
 - ---- static fields (0):
stack at sp + 7 slots: {method} {0x000001d5423f7580} 'newInvokeSpecial' '(Ljava/lang/Object;)Ljava/lang/Object;' in 'java/lang/invoke/DirectMethodHandle$Holder'

MethodHandle::interpreter_entry::_linkToSpecial [0x000001d531a2668c, 0x000001d531a266db] (79 bytes)
[MachCode]
  0x000001d531a2668c: 6666 660f | 1f84 0000 | 0000 0066 | 6666 900f | 1f44 0000 | 488b 5308 | 0fb7 522e | 488b 0cd4 
  0x000001d531a266ac: 585b 5048 | 3b01 8b5b | 2448 c1e3 | 0348 8b5b | 1048 85db | 0f84 1000 | 0000 4180 | bfe0 0500 
  0x000001d531a266cc: 0000 7403 | ff63 38ff | 6350 e925 | 
[/MachCode]

---------------  P R O C E S S  ---------------

Threads class SMR info:
_java_thread_list=0x000001d547cdbc10, length=22, elements={
0x000001d541655a80, 0x000001d5416a3db0, 0x000001d5416b9610, 0x000001d541684140,
0x000001d541684ba0, 0x000001d5416a5b60, 0x000001d5416a9bb0, 0x000001d5416ad430,
0x000001d5416d3e40, 0x000001d54192e020, 0x000001d541951a40, 0x000001d541954a00,
0x000001d5464efbe0, 0x000001d548943500, 0x000001d54958e560, 0x000001d54ebdde90,
0x000001d54ebdc450, 0x000001d54ebd9660, 0x000001d54ebd8940, 0x000001d54ebd7590,
0x000001d54ebd7c20, 0x000001d54ebdd800
}

Java Threads: ( => current thread )
  0x000001d541655a80 JavaThread "Reference Handler"          daemon [_thread_blocked, id=18400, stack(0x0000000ea6600000,0x0000000ea6700000) (1024K)]
  0x000001d5416a3db0 JavaThread "Finalizer"                  daemon [_thread_blocked, id=14968, stack(0x0000000ea6700000,0x0000000ea6800000) (1024K)]
  0x000001d5416b9610 JavaThread "Signal Dispatcher"          daemon [_thread_blocked, id=17824, stack(0x0000000ea6800000,0x0000000ea6900000) (1024K)]
  0x000001d541684140 JavaThread "Attach Listener"            daemon [_thread_blocked, id=18280, stack(0x0000000ea6900000,0x0000000ea6a00000) (1024K)]
  0x000001d541684ba0 JavaThread "Service Thread"             daemon [_thread_blocked, id=17392, stack(0x0000000ea6a00000,0x0000000ea6b00000) (1024K)]
  0x000001d5416a5b60 JavaThread "Monitor Deflation Thread"   daemon [_thread_blocked, id=18484, stack(0x0000000ea6b00000,0x0000000ea6c00000) (1024K)]
  0x000001d5416a9bb0 JavaThread "C2 CompilerThread0"         daemon [_thread_blocked, id=7472, stack(0x0000000ea6c00000,0x0000000ea6d00000) (1024K)]
  0x000001d5416ad430 JavaThread "C1 CompilerThread0"         daemon [_thread_blocked, id=17372, stack(0x0000000ea6d00000,0x0000000ea6e00000) (1024K)]
  0x000001d5416d3e40 JavaThread "Common-Cleaner"             daemon [_thread_blocked, id=5100, stack(0x0000000ea6e00000,0x0000000ea6f00000) (1024K)]
  0x000001d54192e020 JavaThread "JDWP Transport Listener: dt_socket" daemon [_thread_blocked, id=6592, stack(0x0000000ea6f00000,0x0000000ea7000000) (1024K)]
  0x000001d541951a40 JavaThread "JDWP Event Helper Thread"   daemon [_thread_blocked, id=13936, stack(0x0000000ea7000000,0x0000000ea7100000) (1024K)]
  0x000001d541954a00 JavaThread "JDWP Command Reader"        daemon [_thread_in_native, id=17980, stack(0x0000000ea7100000,0x0000000ea7200000) (1024K)]
  0x000001d5464efbe0 JavaThread "Notification Thread"        daemon [_thread_blocked, id=15668, stack(0x0000000ea7400000,0x0000000ea7500000) (1024K)]
  0x000001d548943500 JavaThread "PostgreSQL-JDBC-Cleaner"    daemon [_thread_blocked, id=19196, stack(0x0000000ea8600000,0x0000000ea8700000) (1024K)]
  0x000001d54958e560 JavaThread "Live Reload Server"         daemon [_thread_in_native, id=14032, stack(0x0000000ea8b00000,0x0000000ea8c00000) (1024K)]
  0x000001d54ebdde90 JavaThread "DestroyJavaVM"                     [_thread_blocked, id=6476, stack(0x0000000ea5e00000,0x0000000ea5f00000) (1024K)]
  0x000001d54ebdc450 JavaThread "Thread-5"                          [_thread_blocked, id=18468, stack(0x0000000ea5b00000,0x0000000ea5c00000) (1024K)]
=>0x000001d54ebd9660 JavaThread "restartedMain"                     [_thread_in_Java, id=13092, stack(0x0000000ea7c00000,0x0000000ea7d00000) (1024K)]
  0x000001d54ebd8940 JavaThread "Catalina-utility-1"                [_thread_blocked, id=3840, stack(0x0000000ea7d00000,0x0000000ea7e00000) (1024K)]
  0x000001d54ebd7590 JavaThread "Catalina-utility-2"                [_thread_blocked, id=4660, stack(0x0000000ea8000000,0x0000000ea8100000) (1024K)]
  0x000001d54ebd7c20 JavaThread "container-0"                       [_thread_blocked, id=6964, stack(0x0000000ea8300000,0x0000000ea8400000) (1024K)]
  0x000001d54ebdd800 JavaThread "HikariPool-2 housekeeper"   daemon [_thread_blocked, id=7920, stack(0x0000000ea8400000,0x0000000ea8500000) (1024K)]
Total: 22

Other Threads:
  0x000001d5416092f0 VMThread "VM Thread"                           [id=7636, stack(0x0000000ea6500000,0x0000000ea6600000) (1024K)] _threads_hazard_ptr=0x000001d547cdbc10
  0x000001d541586170 WatcherThread "VM Periodic Task Thread"        [id=8744, stack(0x0000000ea6400000,0x0000000ea6500000) (1024K)]
  0x000001d526a114b0 WorkerThread "GC Thread#0"                     [id=17380, stack(0x0000000ea5f00000,0x0000000ea6000000) (1024K)]
  0x000001d546b15ae0 WorkerThread "GC Thread#1"                     [id=5596, stack(0x0000000ea7500000,0x0000000ea7600000) (1024K)]
  0x000001d546b15e80 WorkerThread "GC Thread#2"                     [id=7848, stack(0x0000000ea7600000,0x0000000ea7700000) (1024K)]
  0x000001d546af1050 WorkerThread "GC Thread#3"                     [id=7536, stack(0x0000000ea7700000,0x0000000ea7800000) (1024K)]
  0x000001d546af13f0 WorkerThread "GC Thread#4"                     [id=12704, stack(0x0000000ea7800000,0x0000000ea7900000) (1024K)]
  0x000001d546673bf0 WorkerThread "GC Thread#5"                     [id=18736, stack(0x0000000ea7900000,0x0000000ea7a00000) (1024K)]
  0x000001d5468e42c0 WorkerThread "GC Thread#6"                     [id=7820, stack(0x0000000ea7a00000,0x0000000ea7b00000) (1024K)]
  0x000001d546b3cf80 WorkerThread "GC Thread#7"                     [id=1368, stack(0x0000000ea7b00000,0x0000000ea7c00000) (1024K)]
  0x000001d54692ab00 WorkerThread "GC Thread#8"                     [id=5800, stack(0x0000000ea7e00000,0x0000000ea7f00000) (1024K)]
  0x000001d54692b980 WorkerThread "GC Thread#9"                     [id=13144, stack(0x0000000ea7f00000,0x0000000ea8000000) (1024K)]
  0x000001d526a233f0 ConcurrentGCThread "G1 Main Marker"            [id=18352, stack(0x0000000ea6000000,0x0000000ea6100000) (1024K)]
  0x000001d526a23ef0 WorkerThread "G1 Conc#0"                       [id=8612, stack(0x0000000ea6100000,0x0000000ea6200000) (1024K)]
  0x000001d54692a020 WorkerThread "G1 Conc#1"                       [id=7148, stack(0x0000000ea8100000,0x0000000ea8200000) (1024K)]
  0x000001d54692aea0 WorkerThread "G1 Conc#2"                       [id=6484, stack(0x0000000ea8200000,0x0000000ea8300000) (1024K)]
  0x000001d541458440 ConcurrentGCThread "G1 Refine#0"               [id=6676, stack(0x0000000ea6200000,0x0000000ea6300000) (1024K)]
  0x000001d541458c60 ConcurrentGCThread "G1 Service"                [id=4184, stack(0x0000000ea6300000,0x0000000ea6400000) (1024K)]
Total: 18

Threads with active compile tasks:
Total: 0

VM state: synchronizing (normal execution)

VM Mutex/Monitor currently owned by a thread:  ([mutex/lock_event])
[0x00007ffbada17308] Threads_lock - owner thread: 0x000001d5416092f0

Heap address: 0x0000000702000000, size: 4064 MB, Compressed Oops mode: Zero based, Oop shift amount: 3

CDS archive(s) not mapped
Compressed class space mapped at: 0x0000000800000000-0x0000000840000000, reserved size: 1073741824
Narrow klass base: 0x0000000800000000, Narrow klass shift: 0, Narrow klass range: 0x40000000

GC Precious Log:
 CardTable entry size: 512
 Card Set container configuration: InlinePtr #cards 4 size 8 Array Of Cards #cards 16 size 48 Howl #buckets 8 coarsen threshold 3686 Howl Bitmap #cards 512 size 80 coarsen threshold 460 Card regions per heap region 1 cards per card region 4096
 CPUs: 12 total, 12 available
 Memory: 16251M
 Large Page Support: Disabled
 NUMA Support: Disabled
 Compressed Oops: Enabled (Zero based)
 Heap Region Size: 2M
 Heap Min Capacity: 8M
 Heap Initial Capacity: 254M
 Heap Max Capacity: 4064M
 Pre-touch: Disabled
 Parallel Workers: 10
 Concurrent Workers: 3
 Concurrent Refinement Workers: 10
 Periodic GC: Disabled

Heap:
 garbage-first heap   total 81920K, used 38855K [0x0000000702000000, 0x0000000800000000)
  region size 2048K, 9 young (18432K), 3 survivors (6144K)
 Metaspace       used 81239K, committed 81984K, reserved 1179648K
  class space    used 10278K, committed 10624K, reserved 1048576K

Heap Regions: E=young(eden), S=young(survivor), O=old, HS=humongous(starts), HC=humongous(continues), CS=collection set, F=free, TAMS=top-at-mark-start, PB=parsable bottom
|   0|0x0000000702000000, 0x0000000702200000, 0x0000000702200000|100%| O|  |TAMS 0x0000000702000000| PB 0x0000000702000000| Untracked 
|   1|0x0000000702200000, 0x00000007023ffff0, 0x0000000702400000| 99%| O|  |TAMS 0x0000000702200000| PB 0x0000000702200000| Untracked 
|   2|0x0000000702400000, 0x00000007025fffd8, 0x0000000702600000| 99%| O|  |TAMS 0x0000000702400000| PB 0x0000000702400000| Untracked 
|   3|0x0000000702600000, 0x0000000702800000, 0x0000000702800000|100%| O|  |TAMS 0x0000000702600000| PB 0x0000000702600000| Untracked 
|   4|0x0000000702800000, 0x0000000702a00000, 0x0000000702a00000|100%| O|  |TAMS 0x0000000702800000| PB 0x0000000702800000| Untracked 
|   5|0x0000000702a00000, 0x0000000702bffff0, 0x0000000702c00000| 99%| O|  |TAMS 0x0000000702a00000| PB 0x0000000702a00000| Untracked 
|   6|0x0000000702c00000, 0x0000000702dfff78, 0x0000000702e00000| 99%| O|  |TAMS 0x0000000702c00000| PB 0x0000000702c00000| Untracked 
|   7|0x0000000702e00000, 0x0000000703000000, 0x0000000703000000|100%| O|  |TAMS 0x0000000702e00000| PB 0x0000000702e00000| Untracked 
|   8|0x0000000703000000, 0x00000007031ffff8, 0x0000000703200000| 99%| O|  |TAMS 0x0000000703000000| PB 0x0000000703000000| Untracked 
|   9|0x0000000703200000, 0x00000007033482f0, 0x0000000703400000| 64%| O|  |TAMS 0x0000000703200000| PB 0x0000000703200000| Untracked 
|  10|0x0000000703400000, 0x000000070346da90, 0x0000000703600000| 21%| O|  |TAMS 0x0000000703400000| PB 0x0000000703400000| Untracked 
|  11|0x0000000703600000, 0x00000007037ffff0, 0x0000000703800000| 99%| O|  |TAMS 0x0000000703600000| PB 0x0000000703600000| Untracked 
|  12|0x0000000703800000, 0x00000007038d9c40, 0x0000000703a00000| 42%| O|  |TAMS 0x0000000703800000| PB 0x0000000703800000| Untracked 
|  13|0x0000000703a00000, 0x0000000703a152e0, 0x0000000703c00000|  4%| S|CS|TAMS 0x0000000703a00000| PB 0x0000000703a00000| Complete 
|  14|0x0000000703c00000, 0x0000000703e00000, 0x0000000703e00000|100%| S|CS|TAMS 0x0000000703c00000| PB 0x0000000703c00000| Complete 
|  15|0x0000000703e00000, 0x0000000703f4d398, 0x0000000704000000| 65%| O|  |TAMS 0x0000000703e00000| PB 0x0000000703e00000| Untracked 
|  16|0x0000000704000000, 0x0000000704200000, 0x0000000704200000|100%| S|CS|TAMS 0x0000000704000000| PB 0x0000000704000000| Complete 
|  17|0x0000000704200000, 0x0000000704200000, 0x0000000704400000|  0%| F|  |TAMS 0x0000000704200000| PB 0x0000000704200000| Untracked 
|  18|0x0000000704400000, 0x0000000704400000, 0x0000000704600000|  0%| F|  |TAMS 0x0000000704400000| PB 0x0000000704400000| Untracked 
|  19|0x0000000704600000, 0x0000000704600000, 0x0000000704800000|  0%| F|  |TAMS 0x0000000704600000| PB 0x0000000704600000| Untracked 
|  20|0x0000000704800000, 0x0000000704800000, 0x0000000704a00000|  0%| F|  |TAMS 0x0000000704800000| PB 0x0000000704800000| Untracked 
|  21|0x0000000704a00000, 0x0000000704a00000, 0x0000000704c00000|  0%| F|  |TAMS 0x0000000704a00000| PB 0x0000000704a00000| Untracked 
|  22|0x0000000704c00000, 0x0000000704c00000, 0x0000000704e00000|  0%| F|  |TAMS 0x0000000704c00000| PB 0x0000000704c00000| Untracked 
|  23|0x0000000704e00000, 0x0000000704e00000, 0x0000000705000000|  0%| F|  |TAMS 0x0000000704e00000| PB 0x0000000704e00000| Untracked 
|  24|0x0000000705000000, 0x0000000705000000, 0x0000000705200000|  0%| F|  |TAMS 0x0000000705000000| PB 0x0000000705000000| Untracked 
|  25|0x0000000705200000, 0x0000000705200000, 0x0000000705400000|  0%| F|  |TAMS 0x0000000705200000| PB 0x0000000705200000| Untracked 
|  26|0x0000000705400000, 0x0000000705400000, 0x0000000705600000|  0%| F|  |TAMS 0x0000000705400000| PB 0x0000000705400000| Untracked 
|  27|0x0000000705600000, 0x0000000705600000, 0x0000000705800000|  0%| F|  |TAMS 0x0000000705600000| PB 0x0000000705600000| Untracked 
|  28|0x0000000705800000, 0x0000000705800000, 0x0000000705a00000|  0%| F|  |TAMS 0x0000000705800000| PB 0x0000000705800000| Untracked 
|  29|0x0000000705a00000, 0x0000000705a00000, 0x0000000705c00000|  0%| F|  |TAMS 0x0000000705a00000| PB 0x0000000705a00000| Untracked 
|  30|0x0000000705c00000, 0x0000000705c00000, 0x0000000705e00000|  0%| F|  |TAMS 0x0000000705c00000| PB 0x0000000705c00000| Untracked 
|  31|0x0000000705e00000, 0x0000000705e00000, 0x0000000706000000|  0%| F|  |TAMS 0x0000000705e00000| PB 0x0000000705e00000| Untracked 
|  32|0x0000000706000000, 0x0000000706000000, 0x0000000706200000|  0%| F|  |TAMS 0x0000000706000000| PB 0x0000000706000000| Untracked 
|  33|0x0000000706200000, 0x0000000706200000, 0x0000000706400000|  0%| F|  |TAMS 0x0000000706200000| PB 0x0000000706200000| Untracked 
|  34|0x0000000706400000, 0x000000070657f488, 0x0000000706600000| 74%| E|  |TAMS 0x0000000706400000| PB 0x0000000706400000| Complete 
|  35|0x0000000706600000, 0x0000000706800000, 0x0000000706800000|100%| E|CS|TAMS 0x0000000706600000| PB 0x0000000706600000| Complete 
|  36|0x0000000706800000, 0x0000000706a00000, 0x0000000706a00000|100%| E|CS|TAMS 0x0000000706800000| PB 0x0000000706800000| Complete 
|  51|0x0000000708600000, 0x0000000708800000, 0x0000000708800000|100%| E|CS|TAMS 0x0000000708600000| PB 0x0000000708600000| Complete 
|  52|0x0000000708800000, 0x0000000708a00000, 0x0000000708a00000|100%| E|CS|TAMS 0x0000000708800000| PB 0x0000000708800000| Complete 
| 126|0x0000000711c00000, 0x0000000711e00000, 0x0000000711e00000|100%| E|CS|TAMS 0x0000000711c00000| PB 0x0000000711c00000| Complete 

Card table byte_map: [0x000001d53a1e0000,0x000001d53a9d0000] _byte_map_base: 0x000001d5369d0000

Marking Bits: (CMBitMap*) 0x000001d526a11bb0
 Bits: [0x000001d53a9d0000, 0x000001d53e950000)

Polling page: 0x000001d524930000

Metaspace:

Usage:
  Non-class:     69.30 MB used.
      Class:     10.04 MB used.
       Both:     79.34 MB used.

Virtual space:
  Non-class space:      128.00 MB reserved,      69.69 MB ( 54%) committed,  2 nodes.
      Class space:        1.00 GB reserved,      10.38 MB (  1%) committed,  1 nodes.
             Both:        1.12 GB reserved,      80.06 MB (  7%) committed. 

Chunk freelists:
   Non-Class:  9.75 MB
       Class:  5.54 MB
        Both:  15.29 MB

MaxMetaspaceSize: unlimited
CompressedClassSpaceSize: 1.00 GB
Initial GC threshold: 21.00 MB
Current GC threshold: 132.31 MB
CDS: off
 - commit_granule_bytes: 65536.
 - commit_granule_words: 8192.
 - virtual_space_node_default_size: 8388608.
 - enlarge_chunks_in_place: 1.
 - use_allocation_guard: 0.


Internal statistics:

num_allocs_failed_limit: 9.
num_arena_births: 988.
num_arena_deaths: 0.
num_vsnodes_births: 3.
num_vsnodes_deaths: 0.
num_space_committed: 1281.
num_space_uncommitted: 0.
num_chunks_returned_to_freelist: 9.
num_chunks_taken_from_freelist: 3572.
num_chunk_merges: 9.
num_chunk_splits: 2559.
num_chunks_enlarged: 1976.
num_inconsistent_stats: 0.

CodeHeap 'non-profiled nmethods': size=120000Kb used=5920Kb max_used=5920Kb free=114079Kb
 bounds [0x000001d531f70000, 0x000001d532540000, 0x000001d5394a0000]
CodeHeap 'profiled nmethods': size=120000Kb used=14056Kb max_used=14056Kb free=105943Kb
 bounds [0x000001d52a4a0000, 0x000001d52b260000, 0x000001d5319d0000]
CodeHeap 'non-nmethods': size=5760Kb used=1760Kb max_used=1869Kb free=3999Kb
 bounds [0x000001d5319d0000, 0x000001d531c40000, 0x000001d531f70000]
 total_blobs=7650 nmethods=6922 adapters=631
 compilation: enabled
              stopped_count=0, restarted_count=0
 full_count=0

Compilation events (20 events):
Event: 162.742 Thread 0x000001d5416ad430 7874       3       java.util.concurrent.locks.ReentrantReadWriteLock$Sync::tryReleaseShared (146 bytes)
Event: 162.743 Thread 0x000001d5416ad430 nmethod 7874 0x000001d52b257590 code [0x000001d52b257800, 0x000001d52b258488]
Event: 172.756 Thread 0x000001d5416ad430 7875       3       java.util.HashMap::valuesToArray (81 bytes)
Event: 172.756 Thread 0x000001d5416ad430 nmethod 7875 0x000001d52b258990 code [0x000001d52b258b60, 0x000001d52b259030]
Event: 182.876 Thread 0x000001d5416ad430 7876       3       java.util.concurrent.atomic.AtomicIntegerFieldUpdater$AtomicIntegerFieldUpdaterImpl::accessCheck (17 bytes)
Event: 182.877 Thread 0x000001d5416ad430 nmethod 7876 0x000001d52b259210 code [0x000001d52b2593c0, 0x000001d52b259590]
Event: 212.668 Thread 0x000001d5416ad430 7877       3       java.util.concurrent.ScheduledThreadPoolExecutor$ScheduledFutureTask::getDelay (16 bytes)
Event: 212.668 Thread 0x000001d5416ad430 nmethod 7877 0x000001d52b259690 code [0x000001d52b259840, 0x000001d52b2599e8]
Event: 252.839 Thread 0x000001d5416ad430 7878       1       java.util.EventObject::getSource (5 bytes)
Event: 252.839 Thread 0x000001d5416ad430 nmethod 7878 0x000001d532537e90 code [0x000001d532538020, 0x000001d5325380f0]
Event: 272.666 Thread 0x000001d5416ad430 7879       3       java.util.concurrent.locks.AbstractQueuedSynchronizer$ConditionObject::signal (34 bytes)
Event: 272.666 Thread 0x000001d5416ad430 nmethod 7879 0x000001d52b259b10 code [0x000001d52b259ce0, 0x000001d52b25a050]
Event: 272.867 Thread 0x000001d5416ad430 7880       3       java.util.concurrent.locks.AbstractQueuedSynchronizer::acquire (20 bytes)
Event: 272.867 Thread 0x000001d5416ad430 nmethod 7880 0x000001d52b25a190 code [0x000001d52b25a340, 0x000001d52b25a5c8]
Event: 302.661 Thread 0x000001d5416ad430 7881       3       jdk.internal.misc.Unsafe::putIntOpaque (9 bytes)
Event: 302.662 Thread 0x000001d5416ad430 nmethod 7881 0x000001d52b25a690 code [0x000001d52b25a820, 0x000001d52b25a938]
Event: 302.694 Thread 0x000001d5416ad430 7882       3       java.util.concurrent.locks.LockSupport::setCurrentBlocker (14 bytes)
Event: 302.694 Thread 0x000001d5416ad430 nmethod 7882 0x000001d52b25aa10 code [0x000001d52b25abc0, 0x000001d52b25adf0]
Event: 302.925 Thread 0x000001d5416ad430 7883   !   3       java.util.concurrent.locks.AbstractQueuedSynchronizer::tryInitializeHead (66 bytes)
Event: 302.926 Thread 0x000001d5416ad430 nmethod 7883 0x000001d52b25ae90 code [0x000001d52b25b080, 0x000001d52b25b658]

GC Heap History (20 events):
Event: 5.411 GC heap before
{Heap before GC invocations=15 (full 0):
 garbage-first heap   total 63488K, used 49394K [0x0000000702000000, 0x0000000800000000)
  region size 2048K, 17 young (34816K), 2 survivors (4096K)
 Metaspace       used 52105K, committed 52672K, reserved 1114112K
  class space    used 6105K, committed 6400K, reserved 1048576K
}
Event: 5.415 GC heap after
{Heap after GC invocations=16 (full 0):
 garbage-first heap   total 63488K, used 21546K [0x0000000702000000, 0x0000000800000000)
  region size 2048K, 2 young (4096K), 2 survivors (4096K)
 Metaspace       used 52105K, committed 52672K, reserved 1114112K
  class space    used 6105K, committed 6400K, reserved 1048576K
}
Event: 5.885 GC heap before
{Heap before GC invocations=16 (full 0):
 garbage-first heap   total 63488K, used 50218K [0x0000000702000000, 0x0000000800000000)
  region size 2048K, 16 young (32768K), 2 survivors (4096K)
 Metaspace       used 54708K, committed 55296K, reserved 1114112K
  class space    used 6563K, committed 6848K, reserved 1048576K
}
Event: 5.889 GC heap after
{Heap after GC invocations=17 (full 0):
 garbage-first heap   total 161792K, used 22382K [0x0000000702000000, 0x0000000800000000)
  region size 2048K, 2 young (4096K), 2 survivors (4096K)
 Metaspace       used 54708K, committed 55296K, reserved 1114112K
  class space    used 6563K, committed 6848K, reserved 1048576K
}
Event: 6.569 GC heap before
{Heap before GC invocations=17 (full 0):
 garbage-first heap   total 161792K, used 73582K [0x0000000702000000, 0x0000000800000000)
  region size 2048K, 28 young (57344K), 2 survivors (4096K)
 Metaspace       used 59748K, committed 60288K, reserved 1114112K
  class space    used 7290K, committed 7552K, reserved 1048576K
}
Event: 6.573 GC heap after
{Heap after GC invocations=18 (full 0):
 garbage-first heap   total 161792K, used 23463K [0x0000000702000000, 0x0000000800000000)
  region size 2048K, 2 young (4096K), 2 survivors (4096K)
 Metaspace       used 59748K, committed 60288K, reserved 1114112K
  class space    used 7290K, committed 7552K, reserved 1048576K
}
Event: 6.970 GC heap before
{Heap before GC invocations=19 (full 0):
 garbage-first heap   total 81920K, used 66471K [0x0000000702000000, 0x0000000800000000)
  region size 2048K, 24 young (49152K), 2 survivors (4096K)
 Metaspace       used 64525K, committed 65152K, reserved 1114112K
  class space    used 8004K, committed 8256K, reserved 1048576K
}
Event: 6.973 GC heap after
{Heap after GC invocations=20 (full 0):
 garbage-first heap   total 81920K, used 24453K [0x0000000702000000, 0x0000000800000000)
  region size 2048K, 2 young (4096K), 2 survivors (4096K)
 Metaspace       used 64525K, committed 65152K, reserved 1114112K
  class space    used 8004K, committed 8256K, reserved 1048576K
}
Event: 7.365 GC heap before
{Heap before GC invocations=20 (full 0):
 garbage-first heap   total 81920K, used 67461K [0x0000000702000000, 0x0000000800000000)
  region size 2048K, 24 young (49152K), 2 survivors (4096K)
 Metaspace       used 69090K, committed 69696K, reserved 1114112K
  class space    used 8722K, committed 9024K, reserved 1048576K
}
Event: 7.368 GC heap after
{Heap after GC invocations=21 (full 0):
 garbage-first heap   total 81920K, used 25072K [0x0000000702000000, 0x0000000800000000)
  region size 2048K, 2 young (4096K), 2 survivors (4096K)
 Metaspace       used 69090K, committed 69696K, reserved 1114112K
  class space    used 8722K, committed 9024K, reserved 1048576K
}
Event: 7.747 GC heap before
{Heap before GC invocations=21 (full 0):
 garbage-first heap   total 81920K, used 68080K [0x0000000702000000, 0x0000000800000000)
  region size 2048K, 24 young (49152K), 2 survivors (4096K)
 Metaspace       used 73596K, committed 74240K, reserved 1114112K
  class space    used 9322K, committed 9600K, reserved 1048576K
}
Event: 7.751 GC heap after
{Heap after GC invocations=22 (full 0):
 garbage-first heap   total 81920K, used 26794K [0x0000000702000000, 0x0000000800000000)
  region size 2048K, 3 young (6144K), 3 survivors (6144K)
 Metaspace       used 73596K, committed 74240K, reserved 1114112K
  class space    used 9322K, committed 9600K, reserved 1048576K
}
Event: 8.296 GC heap before
{Heap before GC invocations=22 (full 0):
 garbage-first heap   total 81920K, used 69802K [0x0000000702000000, 0x0000000800000000)
  region size 2048K, 24 young (49152K), 3 survivors (6144K)
 Metaspace       used 76542K, committed 77184K, reserved 1179648K
  class space    used 9721K, committed 9984K, reserved 1048576K
}
Event: 8.302 GC heap after
{Heap after GC invocations=23 (full 0):
 garbage-first heap   total 81920K, used 30068K [0x0000000702000000, 0x0000000800000000)
  region size 2048K, 3 young (6144K), 3 survivors (6144K)
 Metaspace       used 76542K, committed 77184K, reserved 1179648K
  class space    used 9721K, committed 9984K, reserved 1048576K
}
Event: 62.029 GC heap before
{Heap before GC invocations=23 (full 0):
 garbage-first heap   total 81920K, used 68980K [0x0000000702000000, 0x0000000800000000)
  region size 2048K, 23 young (47104K), 3 survivors (6144K)
 Metaspace       used 80451K, committed 81216K, reserved 1179648K
  class space    used 10229K, committed 10560K, reserved 1048576K
}
Event: 62.033 GC heap after
{Heap after GC invocations=24 (full 0):
 garbage-first heap   total 81920K, used 31302K [0x0000000702000000, 0x0000000800000000)
  region size 2048K, 3 young (6144K), 3 survivors (6144K)
 Metaspace       used 80451K, committed 81216K, reserved 1179648K
  class space    used 10229K, committed 10560K, reserved 1048576K
}
Event: 62.066 GC heap before
{Heap before GC invocations=24 (full 0):
 garbage-first heap   total 81920K, used 33350K [0x0000000702000000, 0x0000000800000000)
  region size 2048K, 5 young (10240K), 3 survivors (6144K)
 Metaspace       used 80541K, committed 81280K, reserved 1179648K
  class space    used 10246K, committed 10560K, reserved 1048576K
}
Event: 62.121 GC heap after
{Heap after GC invocations=25 (full 1):
 garbage-first heap   total 81920K, used 24435K [0x0000000702000000, 0x0000000800000000)
  region size 2048K, 0 young (0K), 0 survivors (0K)
 Metaspace       used 80541K, committed 81280K, reserved 1179648K
  class space    used 10246K, committed 10560K, reserved 1048576K
}
Event: 62.937 GC heap before
{Heap before GC invocations=25 (full 1):
 garbage-first heap   total 81920K, used 69491K [0x0000000702000000, 0x0000000800000000)
  region size 2048K, 23 young (47104K), 0 survivors (0K)
 Metaspace       used 80823K, committed 81600K, reserved 1179648K
  class space    used 10261K, committed 10624K, reserved 1048576K
}
Event: 62.941 GC heap after
{Heap after GC invocations=26 (full 1):
 garbage-first heap   total 81920K, used 28615K [0x0000000702000000, 0x0000000800000000)
  region size 2048K, 3 young (6144K), 3 survivors (6144K)
 Metaspace       used 80823K, committed 81600K, reserved 1179648K
  class space    used 10261K, committed 10624K, reserved 1048576K
}

Dll operation events (12 events):
Event: 0.011 Loaded shared library C:\spring tool\sts-4.25.0.RELEASE\plugins\org.eclipse.justj.openjdk.hotspot.jre.full.win32.x86_64_21.0.4.v20240802-1551\jre\bin\java.dll
Event: 0.015 Loaded shared library C:\spring tool\sts-4.25.0.RELEASE\plugins\org.eclipse.justj.openjdk.hotspot.jre.full.win32.x86_64_21.0.4.v20240802-1551\jre\bin\zip.dll
Event: 0.208 Loaded shared library C:\spring tool\sts-4.25.0.RELEASE\plugins\org.eclipse.justj.openjdk.hotspot.jre.full.win32.x86_64_21.0.4.v20240802-1551\jre\bin\instrument.dll
Event: 0.219 Loaded shared library C:\spring tool\sts-4.25.0.RELEASE\plugins\org.eclipse.justj.openjdk.hotspot.jre.full.win32.x86_64_21.0.4.v20240802-1551\jre\bin\net.dll
Event: 0.219 Loaded shared library C:\spring tool\sts-4.25.0.RELEASE\plugins\org.eclipse.justj.openjdk.hotspot.jre.full.win32.x86_64_21.0.4.v20240802-1551\jre\bin\nio.dll
Event: 0.226 Loaded shared library C:\spring tool\sts-4.25.0.RELEASE\plugins\org.eclipse.justj.openjdk.hotspot.jre.full.win32.x86_64_21.0.4.v20240802-1551\jre\bin\zip.dll
Event: 0.354 Loaded shared library C:\spring tool\sts-4.25.0.RELEASE\plugins\org.eclipse.justj.openjdk.hotspot.jre.full.win32.x86_64_21.0.4.v20240802-1551\jre\bin\jimage.dll
Event: 0.394 Loaded shared library C:\spring tool\sts-4.25.0.RELEASE\plugins\org.eclipse.justj.openjdk.hotspot.jre.full.win32.x86_64_21.0.4.v20240802-1551\jre\bin\verify.dll
Event: 0.704 Loaded shared library C:\spring tool\sts-4.25.0.RELEASE\plugins\org.eclipse.justj.openjdk.hotspot.jre.full.win32.x86_64_21.0.4.v20240802-1551\jre\bin\management.dll
Event: 0.705 Loaded shared library C:\spring tool\sts-4.25.0.RELEASE\plugins\org.eclipse.justj.openjdk.hotspot.jre.full.win32.x86_64_21.0.4.v20240802-1551\jre\bin\management_ext.dll
Event: 1.842 Loaded shared library C:\spring tool\sts-4.25.0.RELEASE\plugins\org.eclipse.justj.openjdk.hotspot.jre.full.win32.x86_64_21.0.4.v20240802-1551\jre\bin\sunmscapi.dll
Event: 4.541 Loaded shared library C:\spring tool\sts-4.25.0.RELEASE\plugins\org.eclipse.justj.openjdk.hotspot.jre.full.win32.x86_64_21.0.4.v20240802-1551\jre\bin\extnet.dll

Deoptimization events (20 events):
Event: 63.058 Thread 0x000001d54ebd9660 DEOPT PACKING pc=0x000001d52ab11141 sp=0x0000000ea7cfb110
Event: 63.058 Thread 0x000001d54ebd9660 DEOPT UNPACKING pc=0x000001d531a24e42 sp=0x0000000ea7cfa5e8 mode 1
Event: 63.058 Thread 0x000001d54ebd9660 DEOPT PACKING pc=0x000001d52aa1337c sp=0x0000000ea7cfb1a0
Event: 63.058 Thread 0x000001d54ebd9660 DEOPT UNPACKING pc=0x000001d531a24e42 sp=0x0000000ea7cfa750 mode 1
Event: 63.058 Thread 0x000001d54ebd9660 DEOPT PACKING pc=0x000001d52aa11b34 sp=0x0000000ea7cfb310
Event: 63.058 Thread 0x000001d54ebd9660 DEOPT UNPACKING pc=0x000001d531a24e42 sp=0x0000000ea7cfa8b0 mode 1
Event: 63.059 Thread 0x000001d54ebd9660 DEOPT PACKING pc=0x000001d52ab11141 sp=0x0000000ea7cfb110
Event: 63.059 Thread 0x000001d54ebd9660 DEOPT UNPACKING pc=0x000001d531a24e42 sp=0x0000000ea7cfa5e8 mode 1
Event: 63.059 Thread 0x000001d54ebd9660 DEOPT PACKING pc=0x000001d52aa1337c sp=0x0000000ea7cfb1a0
Event: 63.059 Thread 0x000001d54ebd9660 DEOPT UNPACKING pc=0x000001d531a24e42 sp=0x0000000ea7cfa750 mode 1
Event: 63.059 Thread 0x000001d54ebd9660 DEOPT PACKING pc=0x000001d52aa11b34 sp=0x0000000ea7cfb310
Event: 63.059 Thread 0x000001d54ebd9660 DEOPT UNPACKING pc=0x000001d531a24e42 sp=0x0000000ea7cfa8b0 mode 1
Event: 63.066 Thread 0x000001d54ebd9660 DEOPT PACKING pc=0x000001d52ab11141 sp=0x0000000ea7cfd0e0
Event: 63.066 Thread 0x000001d54ebd9660 DEOPT UNPACKING pc=0x000001d531a24e42 sp=0x0000000ea7cfc5b8 mode 1
Event: 63.066 Thread 0x000001d54ebd9660 DEOPT PACKING pc=0x000001d52aa1337c sp=0x0000000ea7cfd170
Event: 63.066 Thread 0x000001d54ebd9660 DEOPT UNPACKING pc=0x000001d531a24e42 sp=0x0000000ea7cfc720 mode 1
Event: 63.066 Thread 0x000001d54ebd9660 DEOPT PACKING pc=0x000001d52aa11b34 sp=0x0000000ea7cfd2e0
Event: 63.066 Thread 0x000001d54ebd9660 DEOPT UNPACKING pc=0x000001d531a24e42 sp=0x0000000ea7cfc880 mode 1
Event: 67.573 Thread 0x000001d54ebd9660 DEOPT PACKING pc=0x000001d52a86f69c sp=0x0000000ea7cfdfc0
Event: 67.573 Thread 0x000001d54ebd9660 DEOPT UNPACKING pc=0x000001d531a24e42 sp=0x0000000ea7cfd478 mode 0

Classes loaded (20 events):
Event: 48.322 Loading class org/w3c/dom/Node
Event: 48.323 Loading class org/w3c/dom/Node done
Event: 48.323 Loading class org/w3c/dom/Document
Event: 48.323 Loading class org/w3c/dom/Document done
Event: 48.489 Loading class java/util/ArrayList$SubList$1
Event: 48.489 Loading class java/util/ArrayList$SubList$1 done
Event: 48.524 Loading class java/util/stream/LongStream
Event: 48.525 Loading class java/util/stream/LongStream done
Event: 48.525 Loading class java/util/stream/DoubleStream
Event: 48.525 Loading class java/util/stream/DoubleStream done
Event: 62.041 Loading class java/util/concurrent/locks/AbstractQueuedSynchronizer$SharedNode
Event: 62.041 Loading class java/util/concurrent/locks/AbstractQueuedSynchronizer$SharedNode done
Event: 62.121 Loading class java/lang/ref/Finalizer$2
Event: 62.121 Loading class java/lang/ref/Finalizer$2 done
Event: 62.122 Loading class java/lang/ref/Finalizer$1
Event: 62.122 Loading class java/lang/ref/Finalizer$1 done
Event: 62.492 Loading class java/lang/foreign/MemorySegment
Event: 62.492 Loading class java/lang/foreign/MemorySegment done
Event: 63.066 Loading class java/lang/invoke/WrongMethodTypeException
Event: 63.066 Loading class java/lang/invoke/WrongMethodTypeException done

Classes unloaded (0 events):
No events

Classes redefined (0 events):
No events

Internal exceptions (20 events):
Event: 8.080 Thread 0x000001d546aab240 Implicit null exception at 0x000001d53211f2d2 to 0x000001d53211f3a8
Event: 8.110 Thread 0x000001d546aab240 Exception <a 'java/lang/NoSuchMethodError'{0x00000007057b93d8}: 'void java.lang.invoke.DirectMethodHandle$Holder.invokeVirtual(java.lang.Object, java.lang.Object, long)'> (0x00000007057b93d8) 
thrown [s\src\hotspot\share\interpreter\linkResolver.cpp, line 773]
Event: 8.205 Thread 0x000001d546aab240 Exception <a 'java/lang/IncompatibleClassChangeError'{0x0000000704ced6a8}: Found class java.lang.Object, but interface was expected> (0x0000000704ced6a8) 
thrown [s\src\hotspot\share\interpreter\linkResolver.cpp, line 840]
Event: 8.213 Thread 0x000001d546aab240 Implicit null exception at 0x000001d53213fb6b to 0x000001d53213fe4c
Event: 8.354 Thread 0x000001d546aab240 Exception <a 'java/lang/NoSuchMethodError'{0x0000000708813f68}: 'java.lang.Object java.lang.invoke.DirectMethodHandle$Holder.newInvokeSpecial(java.lang.Object, java.lang.Object, int, java.lang.Object, java.lang.Object)'> (0x0000000708813f68) 
thrown [s\src\hotspot\share\interpreter\linkResolver.cpp, line 773]
Event: 48.215 Thread 0x000001d54ebd8fd0 Exception <a 'java/lang/NoSuchMethodError'{0x0000000706375400}: 'java.lang.Object java.lang.invoke.DirectMethodHandle$Holder.invokeSpecial(java.lang.Object, java.lang.Object, java.lang.Object, java.lang.Object, java.lang.Object, long)'> (0x0000000706375400) 
thrown [s\src\hotspot\share\interpreter\linkResolver.cpp, line 773]
Event: 48.215 Thread 0x000001d54ebd8fd0 Exception <a 'java/lang/NoSuchMethodError'{0x0000000706378bc0}: 'java.lang.Object java.lang.invoke.Invokers$Holder.linkToTargetMethod(java.lang.Object, java.lang.Object, java.lang.Object, long, java.lang.Object)'> (0x0000000706378bc0) 
thrown [s\src\hotspot\share\interpreter\linkResolver.cpp, line 773]
Event: 48.307 Thread 0x000001d54ebd8fd0 Exception <a 'java/lang/NoSuchMethodError'{0x0000000705b72418}: method resolution failed> (0x0000000705b72418) 
thrown [s\src\hotspot\share\prims\methodHandles.cpp, line 1144]
Event: 48.413 Thread 0x000001d54ebd8fd0 Exception <a 'java/lang/NoSuchMethodError'{0x00000007050d1d48}: 'java.lang.Object java.lang.invoke.DirectMethodHandle$Holder.newInvokeSpecial(java.lang.Object, java.lang.Object, java.lang.Object, java.lang.Object, java.lang.Object, java.lang.Object, java.lang.Object, java.lang.Object, java.lang.Object, java.lang.Object)'> (0x00000007050d1d48) 
thrown [s\src\hotspot\share\interpreter\linkResolver.cpp, line 773]
Event: 62.065 Thread 0x000001d54958d840 Exception <a 'java/lang/InterruptedException'{0x00000007088bc288}: sleep interrupted> (0x00000007088bc288) 
thrown [s\src\hotspot\share\prims\jvm.cpp, line 3074]
Event: 62.135 Thread 0x000001d54ebd9660 Exception <a 'sun/nio/fs/WindowsException'{0x0000000711c74a98}> (0x0000000711c74a98) 
thrown [s\src\hotspot\share\prims\jni.cpp, line 520]
Event: 62.547 Thread 0x000001d54ebd9660 Exception <a 'java/lang/NoClassDefFoundError'{0x00000007058f9ba8}: liquibase/integration/spring/SpringLiquibase> (0x00000007058f9ba8) 
thrown [s\src\hotspot\share\oops\constantPool.cpp, line 873]
Event: 62.551 Thread 0x000001d54ebd9660 Exception <a 'java/lang/NoClassDefFoundError'{0x000000070594d9b8}: org/jooq/DSLContext> (0x000000070594d9b8) 
thrown [s\src\hotspot\share\oops\constantPool.cpp, line 873]
Event: 62.552 Thread 0x000001d54ebd9660 Exception <a 'java/lang/NoClassDefFoundError'{0x00000007059560e8}: org/springframework/batch/core/repository/JobRepository> (0x00000007059560e8) 
thrown [s\src\hotspot\share\oops\constantPool.cpp, line 873]
Event: 62.553 Thread 0x000001d54ebd9660 Exception <a 'java/lang/NoClassDefFoundError'{0x0000000705956740}: org/quartz/Scheduler> (0x0000000705956740) 
thrown [s\src\hotspot\share\oops\constantPool.cpp, line 873]
Event: 62.553 Thread 0x000001d54ebd9660 Exception <a 'java/lang/NoClassDefFoundError'{0x0000000705956dc0}: org/springframework/session/jdbc/JdbcIndexedSessionRepository> (0x0000000705956dc0) 
thrown [s\src\hotspot\share\oops\constantPool.cpp, line 873]
Event: 62.565 Thread 0x000001d54ebd9660 Implicit null exception at 0x000001d532469106 to 0x000001d53246bbe8
Event: 62.627 Thread 0x000001d54ebd9660 Exception <a 'java/io/FileNotFoundException'{0x00000007053bdbb0}> (0x00000007053bdbb0) 
thrown [s\src\hotspot\share\prims\jni.cpp, line 520]
Event: 62.653 Thread 0x000001d54ebd9660 Exception <a 'java/io/FileNotFoundException'{0x000000070516a9c8}> (0x000000070516a9c8) 
thrown [s\src\hotspot\share\prims\jni.cpp, line 520]
Event: 62.684 Thread 0x000001d54ebd9660 Exception <a 'java/lang/NoSuchMethodError'{0x0000000704a51f80}: 'org.flywaydb.core.api.configuration.FluentConfiguration org.flywaydb.core.api.configuration.FluentConfiguration.executeInTransaction(boolean)'> (0x0000000704a51f80) 
thrown [s\src\hotspot\share\oops\constantPool.cpp, line 875]

ZGC Phase Switch (0 events):
No events

VM Operations (20 events):
Event: 67.792 Executing VM operation: get/set locals
Event: 67.792 Executing VM operation: get/set locals done
Event: 67.792 Executing VM operation: get/set locals
Event: 67.792 Executing VM operation: get/set locals done
Event: 67.793 Executing VM operation: get/set locals
Event: 67.793 Executing VM operation: get/set locals done
Event: 67.794 Executing VM operation: get/set locals
Event: 67.794 Executing VM operation: get/set locals done
Event: 67.795 Executing VM operation: get/set locals
Event: 67.795 Executing VM operation: get/set locals done
Event: 67.795 Executing VM operation: get/set locals
Event: 67.795 Executing VM operation: get/set locals done
Event: 67.796 Executing VM operation: get/set locals
Event: 67.796 Executing VM operation: get/set locals done
Event: 120.197 Executing VM operation: HandshakeAllThreads (HandshakeForDeflation)
Event: 120.197 Executing VM operation: HandshakeAllThreads (HandshakeForDeflation) done
Event: 120.197 Executing VM operation: RendezvousGCThreads
Event: 120.197 Executing VM operation: RendezvousGCThreads done
Event: 273.754 Executing VM operation: Cleanup
Event: 273.754 Executing VM operation: Cleanup done

Memory protections (0 events):
No events

Nmethod flushes (20 events):
Event: 62.090 Thread 0x000001d5416092f0 flushing  nmethod 0x000001d52acd3b90
Event: 62.090 Thread 0x000001d5416092f0 flushing  nmethod 0x000001d52ad6c290
Event: 62.090 Thread 0x000001d5416092f0 flushing  nmethod 0x000001d52ad6cb90
Event: 62.090 Thread 0x000001d5416092f0 flushing  nmethod 0x000001d52ad6e290
Event: 62.090 Thread 0x000001d5416092f0 flushing  nmethod 0x000001d52ad6e710
Event: 62.090 Thread 0x000001d5416092f0 flushing  nmethod 0x000001d52ad6fb10
Event: 62.090 Thread 0x000001d5416092f0 flushing  nmethod 0x000001d52ad6ff90
Event: 62.090 Thread 0x000001d5416092f0 flushing  nmethod 0x000001d52ad71210
Event: 62.090 Thread 0x000001d5416092f0 flushing  nmethod 0x000001d52ad71e90
Event: 62.090 Thread 0x000001d5416092f0 flushing  nmethod 0x000001d52ad73a90
Event: 62.090 Thread 0x000001d5416092f0 flushing  nmethod 0x000001d52ad74910
Event: 62.090 Thread 0x000001d5416092f0 flushing  nmethod 0x000001d52ad75690
Event: 62.090 Thread 0x000001d5416092f0 flushing  nmethod 0x000001d52ad76390
Event: 62.090 Thread 0x000001d5416092f0 flushing  nmethod 0x000001d52ad76a10
Event: 62.090 Thread 0x000001d5416092f0 flushing  nmethod 0x000001d52ad77010
Event: 62.090 Thread 0x000001d5416092f0 flushing  nmethod 0x000001d52adb7d10
Event: 62.090 Thread 0x000001d5416092f0 flushing  nmethod 0x000001d52adbdb90
Event: 62.090 Thread 0x000001d5416092f0 flushing  nmethod 0x000001d52adbee10
Event: 62.090 Thread 0x000001d5416092f0 flushing  nmethod 0x000001d52ae18a90
Event: 62.090 Thread 0x000001d5416092f0 flushing  nmethod 0x000001d52ae19410

Events (20 events):
Event: 62.048 Thread 0x000001d54ebdc450 Thread added: 0x000001d54ebdd800
Event: 62.048 Thread 0x000001d548942e70 Thread exited: 0x000001d548942e70
Event: 62.055 Thread 0x000001d54ebdd800 Thread exited: 0x000001d54ebdd800
Event: 62.056 Thread 0x000001d54b98c1b0 Thread added: 0x000001d54b98cf50
Event: 62.065 Thread 0x000001d54958be00 Thread exited: 0x000001d54958be00
Event: 62.065 Thread 0x000001d54958d840 Thread exited: 0x000001d54958d840
Event: 62.065 Thread 0x000001d54958ebf0 Thread exited: 0x000001d54958ebf0
Event: 62.122 Thread 0x000001d54ebdc450 Thread added: 0x000001d54ebd9660
Event: 62.122 Thread 0x000001d54ebd9660 Thread exited: 0x000001d54ebd9660
Event: 62.122 Thread 0x000001d54ebdc450 Thread added: 0x000001d54ebd9660
Event: 62.221 Thread 0x000001d54ebd9660 Thread added: 0x000001d54ebd9cf0
Event: 62.259 Thread 0x000001d54ebd9cf0 Thread exited: 0x000001d54ebd9cf0
Event: 62.654 Thread 0x000001d54ebd9660 Thread added: 0x000001d54ebd8940
Event: 62.654 Thread 0x000001d54ebd9660 Thread added: 0x000001d54ebd7590
Event: 62.655 Thread 0x000001d54ebd9660 Thread added: 0x000001d54ebd7c20
Event: 62.742 Thread 0x000001d54ebd9660 Thread added: 0x000001d54ebdd800
Event: 62.764 Thread 0x000001d54ebd9660 Thread added: 0x000001d54ebd82b0
Event: 63.295 Thread 0x000001d54b98cf50 Thread exited: 0x000001d54b98cf50
Event: 63.401 Thread 0x000001d54b98c1b0 Thread exited: 0x000001d54b98c1b0
Event: 68.612 Thread 0x000001d54ebd82b0 Thread exited: 0x000001d54ebd82b0


Dynamic libraries:
0x00007ff6445c0000 - 0x00007ff6445ce000 	C:\spring tool\sts-4.25.0.RELEASE\plugins\org.eclipse.justj.openjdk.hotspot.jre.full.win32.x86_64_21.0.4.v20240802-1551\jre\bin\javaw.exe
0x00007ffc5cc50000 - 0x00007ffc5ce67000 	C:\WINDOWS\SYSTEM32\ntdll.dll
0x00007ffc5c5a0000 - 0x00007ffc5c664000 	C:\WINDOWS\System32\KERNEL32.DLL
0x00007ffc5a500000 - 0x00007ffc5a8b7000 	C:\WINDOWS\System32\KERNELBASE.dll
0x00007ffc5a3e0000 - 0x00007ffc5a4f1000 	C:\WINDOWS\System32\ucrtbase.dll
0x00007ffc37770000 - 0x00007ffc37788000 	C:\spring tool\sts-4.25.0.RELEASE\plugins\org.eclipse.justj.openjdk.hotspot.jre.full.win32.x86_64_21.0.4.v20240802-1551\jre\bin\jli.dll
0x00007ffc2f630000 - 0x00007ffc2f64b000 	C:\spring tool\sts-4.25.0.RELEASE\plugins\org.eclipse.justj.openjdk.hotspot.jre.full.win32.x86_64_21.0.4.v20240802-1551\jre\bin\VCRUNTIME140.dll
0x00007ffc5c8b0000 - 0x00007ffc5ca5f000 	C:\WINDOWS\System32\USER32.dll
0x00007ffc5a170000 - 0x00007ffc5a196000 	C:\WINDOWS\System32\win32u.dll
0x00007ffc48300000 - 0x00007ffc48593000 	C:\WINDOWS\WinSxS\amd64_microsoft.windows.common-controls_6595b64144ccf1df_6.0.22621.3672_none_2713b9d173822955\COMCTL32.dll
0x00007ffc5c080000 - 0x00007ffc5c0a9000 	C:\WINDOWS\System32\GDI32.dll
0x00007ffc5a980000 - 0x00007ffc5aa27000 	C:\WINDOWS\System32\msvcrt.dll
0x00007ffc5a220000 - 0x00007ffc5a338000 	C:\WINDOWS\System32\gdi32full.dll
0x00007ffc5a340000 - 0x00007ffc5a3da000 	C:\WINDOWS\System32\msvcp_win.dll
0x00007ffc5c0c0000 - 0x00007ffc5c0f1000 	C:\WINDOWS\System32\IMM32.DLL
0x00007ffc3eb10000 - 0x00007ffc3eb1c000 	C:\spring tool\sts-4.25.0.RELEASE\plugins\org.eclipse.justj.openjdk.hotspot.jre.full.win32.x86_64_21.0.4.v20240802-1551\jre\bin\vcruntime140_1.dll
0x00007ffbe5560000 - 0x00007ffbe55ee000 	C:\spring tool\sts-4.25.0.RELEASE\plugins\org.eclipse.justj.openjdk.hotspot.jre.full.win32.x86_64_21.0.4.v20240802-1551\jre\bin\msvcp140.dll
0x00007ffbacd70000 - 0x00007ffbadaf8000 	C:\spring tool\sts-4.25.0.RELEASE\plugins\org.eclipse.justj.openjdk.hotspot.jre.full.win32.x86_64_21.0.4.v20240802-1551\jre\bin\server\jvm.dll
0x00007ffc5bee0000 - 0x00007ffc5bf92000 	C:\WINDOWS\System32\ADVAPI32.dll
0x00007ffc5b8b0000 - 0x00007ffc5b958000 	C:\WINDOWS\System32\sechost.dll
0x00007ffc5a0d0000 - 0x00007ffc5a0f8000 	C:\WINDOWS\System32\bcrypt.dll
0x00007ffc5ca70000 - 0x00007ffc5cb84000 	C:\WINDOWS\System32\RPCRT4.dll
0x00007ffc5cb90000 - 0x00007ffc5cc01000 	C:\WINDOWS\System32\WS2_32.dll
0x00007ffc58e10000 - 0x00007ffc58e5d000 	C:\WINDOWS\SYSTEM32\POWRPROF.dll
0x00007ffc51e00000 - 0x00007ffc51e34000 	C:\WINDOWS\SYSTEM32\WINMM.dll
0x00007ffc56070000 - 0x00007ffc5607a000 	C:\WINDOWS\SYSTEM32\VERSION.dll
0x00007ffc58df0000 - 0x00007ffc58e03000 	C:\WINDOWS\SYSTEM32\UMPDC.dll
0x00007ffc590a0000 - 0x00007ffc590b8000 	C:\WINDOWS\SYSTEM32\kernel.appcore.dll
0x00007ffc553e0000 - 0x00007ffc553ea000 	C:\spring tool\sts-4.25.0.RELEASE\plugins\org.eclipse.justj.openjdk.hotspot.jre.full.win32.x86_64_21.0.4.v20240802-1551\jre\bin\jimage.dll
0x00007ffc57650000 - 0x00007ffc57882000 	C:\WINDOWS\SYSTEM32\DBGHELP.DLL
0x00007ffc5bb50000 - 0x00007ffc5bede000 	C:\WINDOWS\System32\combase.dll
0x00007ffc5bfa0000 - 0x00007ffc5c077000 	C:\WINDOWS\System32\OLEAUT32.dll
0x00007ffc3ed20000 - 0x00007ffc3ed52000 	C:\WINDOWS\SYSTEM32\dbgcore.DLL
0x00007ffc5a1a0000 - 0x00007ffc5a21b000 	C:\WINDOWS\System32\bcryptPrimitives.dll
0x00007ffc3cd00000 - 0x00007ffc3cd3c000 	C:\spring tool\sts-4.25.0.RELEASE\plugins\org.eclipse.justj.openjdk.hotspot.jre.full.win32.x86_64_21.0.4.v20240802-1551\jre\bin\jdwp.dll
0x00007ffc42410000 - 0x00007ffc4241f000 	C:\spring tool\sts-4.25.0.RELEASE\plugins\org.eclipse.justj.openjdk.hotspot.jre.full.win32.x86_64_21.0.4.v20240802-1551\jre\bin\instrument.dll
0x00007ffc37f70000 - 0x00007ffc37f8f000 	C:\spring tool\sts-4.25.0.RELEASE\plugins\org.eclipse.justj.openjdk.hotspot.jre.full.win32.x86_64_21.0.4.v20240802-1551\jre\bin\java.dll
0x00007ffc36cb0000 - 0x00007ffc36cc8000 	C:\spring tool\sts-4.25.0.RELEASE\plugins\org.eclipse.justj.openjdk.hotspot.jre.full.win32.x86_64_21.0.4.v20240802-1551\jre\bin\zip.dll
0x00007ffc5aa30000 - 0x00007ffc5b299000 	C:\WINDOWS\System32\SHELL32.dll
0x00007ffc57ed0000 - 0x00007ffc587cf000 	C:\WINDOWS\SYSTEM32\windows.storage.dll
0x00007ffc57d90000 - 0x00007ffc57ecf000 	C:\WINDOWS\SYSTEM32\wintypes.dll
0x00007ffc5b500000 - 0x00007ffc5b5f9000 	C:\WINDOWS\System32\SHCORE.dll
0x00007ffc5c850000 - 0x00007ffc5c8ae000 	C:\WINDOWS\System32\shlwapi.dll
0x00007ffc59e90000 - 0x00007ffc59eb7000 	C:\WINDOWS\SYSTEM32\profapi.dll
0x00007ffc564e0000 - 0x00007ffc564eb000 	C:\spring tool\sts-4.25.0.RELEASE\plugins\org.eclipse.justj.openjdk.hotspot.jre.full.win32.x86_64_21.0.4.v20240802-1551\jre\bin\dt_socket.dll
0x00007ffc58ab0000 - 0x00007ffc58add000 	C:\WINDOWS\SYSTEM32\IPHLPAPI.DLL
0x00007ffc59510000 - 0x00007ffc59579000 	C:\WINDOWS\system32\mswsock.dll
0x00007ffc58b20000 - 0x00007ffc58c22000 	C:\WINDOWS\SYSTEM32\DNSAPI.dll
0x00007ffc5c0b0000 - 0x00007ffc5c0b9000 	C:\WINDOWS\System32\NSI.dll
0x00007ffc55a20000 - 0x00007ffc55a2a000 	C:\Windows\System32\rasadhlp.dll
0x00007ffc55b90000 - 0x00007ffc55c13000 	C:\WINDOWS\System32\fwpuclnt.dll
0x00007ffc41c40000 - 0x00007ffc41c50000 	C:\spring tool\sts-4.25.0.RELEASE\plugins\org.eclipse.justj.openjdk.hotspot.jre.full.win32.x86_64_21.0.4.v20240802-1551\jre\bin\net.dll
0x00007ffc55e50000 - 0x00007ffc55f86000 	C:\WINDOWS\SYSTEM32\WINHTTP.dll
0x00007ffc35ff0000 - 0x00007ffc36006000 	C:\spring tool\sts-4.25.0.RELEASE\plugins\org.eclipse.justj.openjdk.hotspot.jre.full.win32.x86_64_21.0.4.v20240802-1551\jre\bin\nio.dll
0x00007ffc40010000 - 0x00007ffc40020000 	C:\spring tool\sts-4.25.0.RELEASE\plugins\org.eclipse.justj.openjdk.hotspot.jre.full.win32.x86_64_21.0.4.v20240802-1551\jre\bin\verify.dll
0x00007ffc3e980000 - 0x00007ffc3e98a000 	C:\spring tool\sts-4.25.0.RELEASE\plugins\org.eclipse.justj.openjdk.hotspot.jre.full.win32.x86_64_21.0.4.v20240802-1551\jre\bin\management.dll
0x00007ffc3cce0000 - 0x00007ffc3cceb000 	C:\spring tool\sts-4.25.0.RELEASE\plugins\org.eclipse.justj.openjdk.hotspot.jre.full.win32.x86_64_21.0.4.v20240802-1551\jre\bin\management_ext.dll
0x00007ffc5ca60000 - 0x00007ffc5ca68000 	C:\WINDOWS\System32\PSAPI.DLL
0x00007ffc3f3a0000 - 0x00007ffc3f3ae000 	C:\spring tool\sts-4.25.0.RELEASE\plugins\org.eclipse.justj.openjdk.hotspot.jre.full.win32.x86_64_21.0.4.v20240802-1551\jre\bin\sunmscapi.dll
0x00007ffc59f60000 - 0x00007ffc5a0c6000 	C:\WINDOWS\System32\CRYPT32.dll
0x00007ffc59900000 - 0x00007ffc5992d000 	C:\WINDOWS\SYSTEM32\ncrypt.dll
0x00007ffc598c0000 - 0x00007ffc598f7000 	C:\WINDOWS\SYSTEM32\NTASN1.dll
0x00007ffc59760000 - 0x00007ffc5977b000 	C:\WINDOWS\SYSTEM32\CRYPTSP.dll
0x00007ffc59000000 - 0x00007ffc59035000 	C:\WINDOWS\system32\rsaenh.dll
0x00007ffc59600000 - 0x00007ffc59628000 	C:\WINDOWS\SYSTEM32\USERENV.dll
0x00007ffc59780000 - 0x00007ffc5978c000 	C:\WINDOWS\SYSTEM32\CRYPTBASE.dll
0x00007ffc399b0000 - 0x00007ffc399b9000 	C:\spring tool\sts-4.25.0.RELEASE\plugins\org.eclipse.justj.openjdk.hotspot.jre.full.win32.x86_64_21.0.4.v20240802-1551\jre\bin\extnet.dll
0x00007ffc25940000 - 0x00007ffc25948000 	C:\WINDOWS\system32\wshunix.dll

dbghelp: loaded successfully - version: 4.0.5 - missing functions: none
symbol engine: initialized successfully - sym options: 0x614 - pdb path: .;C:\spring tool\sts-4.25.0.RELEASE\plugins\org.eclipse.justj.openjdk.hotspot.jre.full.win32.x86_64_21.0.4.v20240802-1551\jre\bin;C:\WINDOWS\SYSTEM32;C:\WINDOWS\WinSxS\amd64_microsoft.windows.common-controls_6595b64144ccf1df_6.0.22621.3672_none_2713b9d173822955;C:\spring tool\sts-4.25.0.RELEASE\plugins\org.eclipse.justj.openjdk.hotspot.jre.full.win32.x86_64_21.0.4.v20240802-1551\jre\bin\server

VM Arguments:
jvm_args: -XX:+ShowCodeDetailsInExceptionMessages -agentlib:jdwp=transport=dt_socket,suspend=y,address=localhost:52517 -javaagent:C:\spring tool\sts-4.25.0.RELEASE\configuration\org.eclipse.osgi\270\0\.cp\lib\javaagent-shaded.jar -Dfile.encoding=UTF-8 -Dstdout.encoding=UTF-8 -Dstderr.encoding=UTF-8 
java_command: com.matosbrasil.api.ApiApplication
java_class_path (initial): C:\Users\dasod\Documents\Programaçăo\Hephesto\api\api\target\classes;C:\Users\dasod\.m2\repository\org\springframework\boot\spring-boot-starter-data-jpa\3.3.4\spring-boot-starter-data-jpa-3.3.4.jar;C:\Users\dasod\.m2\repository\org\springframework\boot\spring-boot-starter-aop\3.3.4\spring-boot-starter-aop-3.3.4.jar;C:\Users\dasod\.m2\repository\org\springframework\spring-aop\6.1.13\spring-aop-6.1.13.jar;C:\Users\dasod\.m2\repository\org\aspectj\aspectjweaver\1.9.22.1\aspectjweaver-1.9.22.1.jar;C:\Users\dasod\.m2\repository\org\springframework\boot\spring-boot-starter-jdbc\3.3.4\spring-boot-starter-jdbc-3.3.4.jar;C:\Users\dasod\.m2\repository\com\zaxxer\HikariCP\5.1.0\HikariCP-5.1.0.jar;C:\Users\dasod\.m2\repository\org\springframework\spring-jdbc\6.1.13\spring-jdbc-6.1.13.jar;C:\Users\dasod\.m2\repository\org\hibernate\orm\hibernate-core\6.5.3.Final\hibernate-core-6.5.3.Final.jar;C:\Users\dasod\.m2\repository\jakarta\persistence\jakarta.persistence-api\3.1.0\jakarta.persistence-api-3.1.0.jar;C:\Users\dasod\.m2\repository\jakarta\transaction\jakarta.transaction-api\2.0.1\jakarta.transaction-api-2.0.1.jar;C:\Users\dasod\.m2\repository\org\jboss\logging\jboss-logging\3.5.3.Final\jboss-logging-3.5.3.Final.jar;C:\Users\dasod\.m2\repository\org\hibernate\common\hibernate-commons-annotations\6.0.6.Final\hibernate-commons-annotations-6.0.6.Final.jar;C:\Users\dasod\.m2\repository\io\smallrye\jandex\3.1.2\jandex-3.1.2.jar;C:\Users\dasod\.m2\repository\com\fasterxml\classmate\1.7.0\classmate-1.7.0.jar;C:\Users\dasod\.m2\repository\net\bytebuddy\byte-buddy\1.14.19\byte-buddy-1.14.19.jar;C:\Users\dasod\.m2\repository\org\glassfish\jaxb\jaxb-runtime\4.0.5\jaxb-runtime-4.0.5.jar;C:\Users\dasod\.m2\repository\org\glassfish\jaxb\jaxb-core\4.0.5\jaxb-core-4.0.5.jar;C:\Users\dasod\.m2\repository\org\eclipse\angus\angus-activation\2.0.2\angus-activation-2.0.2.jar;C:\Users\dasod\.m2\repository\org\glassfish\jaxb\txw2\4.0.5\txw2-4.0.5.jar;C:\Users\dasod\.m2\repository\com\sun\istack\istack-commons-runtime\4.1.2\istack-commons-runtime-4.1.2.jar;C:\Users\dasod\.m2\repository\jakarta\inject\jakarta.inject-api\2.0.1\jakarta.inject-api-2.0.1.jar;C:\Users\dasod\.m2\repository\org\antlr\antlr4-runtime\4.13.0\antlr4-runtime-4.13.0.jar;C:\Users\dasod\.m2\repository\org\springframework\data\spring-data-jpa\3.3.4\spring-data-jpa-3.3.4.jar;C:\Users\dasod\.m2\repository\org\springframework\data\spring-data-commons\3.3.4\spring-data-commons-3.3.4.jar;C:\Users\dasod\.m2\repository\org\springframework\spring-orm\6.1.13\spring-orm-6.1.13.jar;C:\Users\dasod\.m2\repository\org\springframework\spring-context\6.1.13\spring-context-6.1.13.jar;C:\Users\dasod\.m2\repository\org\springframework\spring-tx\6.1.13\spring-tx-6.1.13.jar;C:\Users\dasod\.m2\repository\org\springframework\spring-beans\6.1.13\spring-beans-6.1.13.jar;C:\Users\dasod\.m2\repository\jakarta\annotation\jakarta.annotation-api\2.1.1\jakarta.annotation-api-2.1.1.jar;C:\Users\dasod\.m2\repository\org\slf4j\slf4j-api\2.0.16\slf4j-api-2.0.16.jar;C:\Users\dasod\.m2\repository\org\springframework\spring-aspects\6.1.13\spring-aspects-6.1.13.jar;C:\Users\dasod\.m2\repository\org\springframework\boot\spring-boot-starter-web\3.3.4\spring-boot-starter-web-3.3.4.jar;C:\Users\dasod\.m2\repository\org\springframework\boot\spring-boot-starter\3.3.4\spring-boot-starter-3.3.4.jar;C:\Users\dasod\.m2\repository\org\springframework\boot\spring-boot-starter-logging\3.3.4\spring-boot-starter-logging-3.3.4.jar;C:\Users\dasod\.m2\repository\ch\qos\logback\logback-classic\1.5.8\logback-classic-1.5.8.jar;C:\Users\dasod\.m2\repository\ch\qos\logback\logback-core\1.5.8\logback-core-1.5.8.jar;C:\Users\dasod\.m2\repository\org\apache\logging\log4j\log4j-to-slf4j\2.23.1\log4j-to-slf4j-2.23.1.jar;C:\Users\dasod\.m2\repository\org\apache\logging\log4j\log4j-api\2.23.1\log4j-api-2.23.1.jar;C:\Users\dasod\.m2\repository\org\slf4j\jul-to-slf4j\2.0.16\jul-to-slf4j-2.0.16.jar;C:\Users\dasod\.m2\repository\org\yaml\snakeyaml\2.2\snakeyaml-2.2.jar;C:\Users\dasod\.m2\repository\org\springframework\boot\spring-boot-starter-json\3.3.4\spring-boot-starter-json-3.3.4.jar;C:\Users\dasod\.m2\repository\com\fasterxml\jackson\core\jackson-databind\2.17.2\jackson-databind-2.17.2.jar;C:\Users\dasod\.m2\repository\com\fasterxml\jackson\core\jackson-annotations\2.17.2\jackson-annotations-2.17.2.jar;C:\Users\dasod\.m2\repository\com\fasterxml\jackson\datatype\jackson-datatype-jdk8\2.17.2\jackson-datatype-jdk8-2.17.2.jar;C:\Users\dasod\.m2\repository\com\fasterxml\jackson\datatype\jackson-datatype-jsr310\2.17.2\jackson-datatype-jsr310-2.17.2.jar;C:\Users\dasod\.m2\repository\com\fasterxml\jackson\module\jackson-module-parameter-names\2.17.2\jackson-module-parameter-names-2.17.2.jar;C:\Users\dasod\.m2\repository\org\springframework\boot\spring-boot-starter-tomcat\3.3.4\spring-boot-starter-tomcat-3.3.4.jar;C:\Users\dasod\.m2\repository\org\apache\tomcat\embed\tomcat-embed-core\10.1.30\tomcat-embed-core-10.1.30.jar;C:\Users\dasod\.m2\repository\org\apache\tomcat\embed\tomcat-embed-websocket\10.1.30\tomcat-embed-websocket-10.1.30.jar;C:\Users\dasod\.m2\repository\org\springframework\spring-web\6.1.13\spring-web-6.1.13.jar;C:\Users\dasod\.m2\repository\io\micrometer\micrometer-observation\1.13.4\micrometer-observation-1.13.4.jar;C:\Users\dasod\.m2\repository\io\micrometer\micrometer-commons\1.13.4\micrometer-commons-1.13.4.jar;C:\Users\dasod\.m2\repository\org\springframework\spring-webmvc\6.1.13\spring-webmvc-6.1.13.jar;C:\Users\dasod\.m2\repository\org\springframework\spring-expression\6.1.13\spring-expression-6.1.13.jar;C:\Users\dasod\.m2\repository\org\springframework\boot\spring-boot-devtools\3.3.4\spring-boot-devtools-3.3.4.jar;C:\Users\dasod\.m2\repository\org\springframework\boot\spring-boot\3.3.4\spring-boot-3.3.4.jar;C:\Users\dasod\.m2\repository\org\springframework\boot\spring-boot-autoconfigure\3.3.4\spring-boot-autoconfigure-3.3.4.jar;C:\Users\dasod\.m2\repository\org\postgresql\postgresql\42.7.4\postgresql-42.7.4.jar;C:\Users\dasod\.m2\repository\org\checkerframework\checker-qual\3.42.0\checker-qual-3.42.0.jar;C:\Users\dasod\.m2\repository\org\projectlombok\lombok\1.18.34\lombok-1.18.34.jar;C:\Users\dasod\.m2\repository\jakarta\xml\bind\jakarta.xml.bind-api\4.0.2\jakarta.xml.bind-api-4.0.2.jar;C:\Users\dasod\.m2\repository\jakarta\activation\jakarta.activation-api\2.1.3\jakarta.activation-api-2.1.3.jar;C:\Users\dasod\.m2\repository\org\springframework\spring-core\6.1.13\spring-core-6.1.13.jar;C:\Users\dasod\.m2\repository\org\springframework\spring-jcl\6.1.13\spring-jcl-6.1.13.jar;C:\Users\dasod\.m2\repository\org\flywaydb\flyway-core\9.8.1\flyway-core-9.8.1.jar;C:\Users\dasod\.m2\repository\com\fasterxml\jackson\dataformat\jackson-dataformat-toml\2.17.2\jackson-dataformat-toml-2.17.2.jar;C:\Users\dasod\.m2\repository\com\fasterxml\jackson\core\jackson-core\2.17.2\jackson-core-2.17.2.jar;C:\Users\dasod\.m2\repository\org\springframework\boot\spring-boot-starter-validation\3.3.4\spring-boot-starter-validation-3.3.4.jar;C:\Users\dasod\.m2\repository\org\apache\tomcat\embed\tomcat-embed-el\10.1.30\tomcat-embed-el-10.1.30.jar;C:\Users\dasod\.m2\repository\org\hibernate\validator\hibernate-validator\8.0.1.Final\hibernate-validator-8.0.1.Final.jar;C:\Users\dasod\.m2\repository\jakarta\validation\jakarta.validation-api\3.0.2\jakarta.validation-api-3.0.2.jar
Launcher Type: SUN_STANDARD

[Global flags]
     intx CICompilerCount                          = 4                                         {product} {ergonomic}
     uint ConcGCThreads                            = 3                                         {product} {ergonomic}
     uint G1ConcRefinementThreads                  = 10                                        {product} {ergonomic}
   size_t G1HeapRegionSize                         = 2097152                                   {product} {ergonomic}
    uintx GCDrainStackTargetSize                   = 64                                        {product} {ergonomic}
   size_t InitialHeapSize                          = 266338304                                 {product} {ergonomic}
   size_t MarkStackSize                            = 4194304                                   {product} {ergonomic}
   size_t MaxHeapSize                              = 4261412864                                {product} {ergonomic}
   size_t MaxNewSize                               = 2556428288                                {product} {ergonomic}
   size_t MinHeapDeltaBytes                        = 2097152                                   {product} {ergonomic}
   size_t MinHeapSize                              = 8388608                                   {product} {ergonomic}
    uintx NonNMethodCodeHeapSize                   = 5839372                                {pd product} {ergonomic}
    uintx NonProfiledCodeHeapSize                  = 122909434                              {pd product} {ergonomic}
    uintx ProfiledCodeHeapSize                     = 122909434                              {pd product} {ergonomic}
    uintx ReservedCodeCacheSize                    = 251658240                              {pd product} {ergonomic}
     bool SegmentedCodeCache                       = true                                      {product} {ergonomic}
     bool ShowCodeDetailsInExceptionMessages       = true                                   {manageable} {command line}
   size_t SoftMaxHeapSize                          = 4261412864                             {manageable} {ergonomic}
     bool UseCompressedOops                        = true                           {product lp64_product} {ergonomic}
     bool UseG1GC                                  = true                                      {product} {ergonomic}
     bool UseLargePagesIndividualAllocation        = false                                  {pd product} {ergonomic}

Logging:
Log output configuration:
 #0: stdout all=warning uptime,level,tags foldmultilines=false
 #1: stderr all=off uptime,level,tags foldmultilines=false

Environment Variables:
PATH=C:\spring tool\sts-4.25.0.RELEASE\plugins\org.eclipse.justj.openjdk.hotspot.jre.full.win32.x86_64_21.0.4.v20240802-1551\jre\bin;C:/spring tool/sts-4.25.0.RELEASE//plugins/org.eclipse.justj.openjdk.hotspot.jre.full.win32.x86_64_21.0.4.v20240802-1551/jre/bin/server;C:/spring tool/sts-4.25.0.RELEASE//plugins/org.eclipse.justj.openjdk.hotspot.jre.full.win32.x86_64_21.0.4.v20240802-1551/jre/bin;C:\Program Files (x86)\Common Files\Intel\Shared Libraries\redist\intel64\compiler;C:\Program Files\Common Files\Oracle\Java\javapath;C:\Program Files (x86)\Common Files\Oracle\Java\javapath;C:\Windows\system32;C:\Windows;C:\Windows\System32\Wbem;C:\Windows\System32\WindowsPowerShell\v1.0\;C:\Windows\System32\OpenSSH\;C:\Program Files (x86)\NVIDIA Corporation\PhysX\Common;C:\Program Files\NVIDIA Corporation\NVIDIA NvDLISR;C:\Program Files\PuTTY\;C:\Program Files\Git\cmd;C:\WINDOWS\system32;C:\WINDOWS;C:\WINDOWS\System32\Wbem;C:\WINDOWS\System32\WindowsPowerShell\v1.0\;C:\WINDOWS\System32\OpenSSH\;C:\Users\dasod\AppData\Local\Microsoft\WindowsApps;;C:\Users\dasod\AppData\Local\Programs\Microsoft VS Code\bin;C:\spring tool\sts-4.25.0.RELEASE;
USERNAME=Joăo Gilberto
OS=Windows_NT
PROCESSOR_IDENTIFIER=Intel64 Family 6 Model 165 Stepping 3, GenuineIntel
TMP=C:\Users\dasod\AppData\Local\Temp
TEMP=C:\Users\dasod\AppData\Local\Temp




Periodic native trim disabled

---------------  S Y S T E M  ---------------

OS:
 Windows 11 , 64 bit Build 22621 (10.0.22621.3958)
OS uptime: 0 days 2:34 hours

CPU: total 12 (initial active 12) (6 cores per cpu, 2 threads per core) family 6 model 165 stepping 3 microcode 0xec, cx8, cmov, fxsr, ht, mmx, 3dnowpref, sse, sse2, sse3, ssse3, sse4.1, sse4.2, popcnt, lzcnt, tsc, tscinvbit, avx, avx2, aes, erms, clmul, bmi1, bmi2, adx, fma, vzeroupper, clflush, clflushopt, rdtscp, f16c
Processor Information for all 12 processors :
  Max Mhz: 2904, Current Mhz: 2904, Mhz Limit: 2904

Memory: 4k page, system-wide physical 16251M (7195M free)
TotalPageFile size 24251M (AvailPageFile size 11473M)
current process WorkingSet (physical memory assigned to process): 276M, peak: 366M
current process commit charge ("private bytes"): 309M, peak: 438M

vm_info: OpenJDK 64-Bit Server VM (21.0.4+7-LTS) for windows-amd64 JRE (21.0.4+7-LTS), built on 2024-07-16T00:00:00Z by "admin" with MS VC++ 17.7 (VS2022)

END.
